mode: set
github.com/Anthony-Bible/password-exchange/app/cmd/database/database.go:23.29,26.3 2 0
github.com/Anthony-Bible/password-exchange/app/cmd/database/database.go:34.67,36.22 1 0
github.com/Anthony-Bible/password-exchange/app/cmd/database/database.go:36.22,37.50 1 0
github.com/Anthony-Bible/password-exchange/app/cmd/database/database.go:37.50,39.5 1 0
github.com/Anthony-Bible/password-exchange/app/cmd/database/database.go:41.3,41.13 1 0
github.com/Anthony-Bible/password-exchange/app/cmd/database/database.go:43.47,44.45 1 1
github.com/Anthony-Bible/password-exchange/app/cmd/database/database.go:44.45,47.4 2 1
github.com/Anthony-Bible/password-exchange/app/cmd/database/database.go:48.3,48.22 1 1
github.com/Anthony-Bible/password-exchange/app/cmd/database/database.go:53.32,54.33 1 1
github.com/Anthony-Bible/password-exchange/app/cmd/database/database.go:54.33,56.3 1 1
github.com/Anthony-Bible/password-exchange/app/cmd/database/database.go:58.2,58.21 1 1
github.com/Anthony-Bible/password-exchange/app/cmd/database/database.go:58.21,60.3 1 0
github.com/Anthony-Bible/password-exchange/app/cmd/database/database.go:62.2,63.38 2 1
github.com/Anthony-Bible/password-exchange/app/cmd/database/database.go:63.38,65.3 1 1
github.com/Anthony-Bible/password-exchange/app/cmd/database/database.go:67.2,67.12 1 1
github.com/Anthony-Bible/password-exchange/app/cmd/database/database.go:80.54,81.22 1 1
github.com/Anthony-Bible/password-exchange/app/cmd/database/database.go:81.22,83.4 1 0
github.com/Anthony-Bible/password-exchange/app/cmd/database/database.go:84.3,84.23 1 1
github.com/Anthony-Bible/password-exchange/app/cmd/database/database.go:91.54,92.22 1 1
github.com/Anthony-Bible/password-exchange/app/cmd/database/database.go:92.22,94.4 1 0
github.com/Anthony-Bible/password-exchange/app/cmd/database/database.go:95.3,95.25 1 1
github.com/Anthony-Bible/password-exchange/app/cmd/database/database.go:102.54,103.22 1 1
github.com/Anthony-Bible/password-exchange/app/cmd/database/database.go:103.22,105.4 1 0
github.com/Anthony-Bible/password-exchange/app/cmd/database/database.go:106.3,107.17 2 1
github.com/Anthony-Bible/password-exchange/app/cmd/database/database.go:107.17,109.4 1 0
github.com/Anthony-Bible/password-exchange/app/cmd/database/database.go:110.3,111.13 2 1
github.com/Anthony-Bible/password-exchange/app/cmd/database/database.go:119.54,120.22 1 1
github.com/Anthony-Bible/password-exchange/app/cmd/database/database.go:120.22,122.4 1 0
github.com/Anthony-Bible/password-exchange/app/cmd/database/database.go:123.3,123.34 1 1
github.com/Anthony-Bible/password-exchange/app/cmd/database/database.go:131.54,132.22 1 0
github.com/Anthony-Bible/password-exchange/app/cmd/database/database.go:132.22,134.4 1 0
github.com/Anthony-Bible/password-exchange/app/cmd/database/database.go:135.3,136.64 2 0
github.com/Anthony-Bible/password-exchange/app/cmd/database/database.go:136.64,138.4 1 0
github.com/Anthony-Bible/password-exchange/app/cmd/database/database.go:139.3,139.33 1 0
github.com/Anthony-Bible/password-exchange/app/cmd/database/database.go:143.36,145.57 2 0
github.com/Anthony-Bible/password-exchange/app/cmd/database/database.go:145.57,147.3 1 0
github.com/Anthony-Bible/password-exchange/app/cmd/database/database.go:150.2,158.16 3 0
github.com/Anthony-Bible/password-exchange/app/cmd/database/database.go:158.16,160.3 1 0
github.com/Anthony-Bible/password-exchange/app/cmd/database/database.go:162.2,163.16 2 0
github.com/Anthony-Bible/password-exchange/app/cmd/database/database.go:163.16,165.3 1 0
github.com/Anthony-Bible/password-exchange/app/cmd/database/database.go:166.2,167.12 2 0
github.com/Anthony-Bible/password-exchange/app/cmd/database/database.go:171.51,173.31 2 0
github.com/Anthony-Bible/password-exchange/app/cmd/database/database.go:173.31,175.3 1 0
github.com/Anthony-Bible/password-exchange/app/cmd/database/database.go:176.2,176.38 1 0
github.com/Anthony-Bible/password-exchange/app/cmd/database/database.go:176.38,180.10 4 0
github.com/Anthony-Bible/password-exchange/app/cmd/database/database.go:180.10,181.12 1 0
github.com/Anthony-Bible/password-exchange/app/cmd/database/database.go:183.3,183.22 1 0
github.com/Anthony-Bible/password-exchange/app/cmd/database/database.go:183.22,185.12 2 0
github.com/Anthony-Bible/password-exchange/app/cmd/database/database.go:187.3,187.19 1 0
github.com/Anthony-Bible/password-exchange/app/cmd/database/database.go:188.23,189.49 1 0
github.com/Anthony-Bible/password-exchange/app/cmd/database/database.go:190.11,191.55 1 0
github.com/Anthony-Bible/password-exchange/app/cmd/database/database.go:196.13,207.2 7 1
github.com/Anthony-Bible/password-exchange/app/cmd/database/database2.go:17.34,20.2 1 0
github.com/Anthony-Bible/password-exchange/app/cmd/database/database2.go:22.43,40.15 6 0
github.com/Anthony-Bible/password-exchange/app/cmd/database/database2.go:40.15,41.46 1 0
github.com/Anthony-Bible/password-exchange/app/cmd/database/database2.go:41.46,43.4 1 0
github.com/Anthony-Bible/password-exchange/app/cmd/database/database2.go:47.2,55.43 4 0
github.com/Anthony-Bible/password-exchange/app/cmd/database/database2.go:55.43,57.3 1 0
github.com/Anthony-Bible/password-exchange/app/cmd/database/migrator.go:30.70,35.2 1 0
github.com/Anthony-Bible/password-exchange/app/cmd/database/migrator.go:37.38,39.2 1 0
github.com/Anthony-Bible/password-exchange/app/cmd/database/migrator.go:41.40,43.2 1 0
github.com/Anthony-Bible/password-exchange/app/cmd/database/migrator.go:45.57,47.2 1 0
github.com/Anthony-Bible/password-exchange/app/cmd/database/migrator.go:49.52,51.2 1 0
github.com/Anthony-Bible/password-exchange/app/cmd/database/migrator.go:53.53,58.60 4 0
github.com/Anthony-Bible/password-exchange/app/cmd/database/migrator.go:58.60,60.3 1 0
github.com/Anthony-Bible/password-exchange/app/cmd/database/migrator.go:62.2,63.16 2 0
github.com/Anthony-Bible/password-exchange/app/cmd/database/migrator.go:63.16,65.3 1 0
github.com/Anthony-Bible/password-exchange/app/cmd/database/migrator.go:66.2,69.16 3 0
github.com/Anthony-Bible/password-exchange/app/cmd/database/migrator.go:69.16,71.3 1 0
github.com/Anthony-Bible/password-exchange/app/cmd/database/migrator.go:72.2,75.12 3 0
github.com/Anthony-Bible/password-exchange/app/internal/domains/encryption/adapters/secondary/memory/keygen.go:21.65,23.2 1 1
github.com/Anthony-Bible/password-exchange/app/internal/domains/encryption/adapters/secondary/memory/keygen.go:26.104,27.18 1 1
github.com/Anthony-Bible/password-exchange/app/internal/domains/encryption/adapters/secondary/memory/keygen.go:27.18,30.3 2 1
github.com/Anthony-Bible/password-exchange/app/internal/domains/encryption/adapters/secondary/memory/keygen.go:32.2,34.16 3 1
github.com/Anthony-Bible/password-exchange/app/internal/domains/encryption/adapters/secondary/memory/keygen.go:34.16,37.3 2 0
github.com/Anthony-Bible/password-exchange/app/internal/domains/encryption/adapters/secondary/memory/keygen.go:39.2,40.17 2 1
github.com/Anthony-Bible/password-exchange/app/internal/domains/encryption/adapters/secondary/memory/keygen.go:44.63,49.2 4 1
github.com/Anthony-Bible/password-exchange/app/internal/domains/encryption/adapters/primary/grpc/server.go:26.126,32.2 1 1
github.com/Anthony-Bible/password-exchange/app/internal/domains/encryption/adapters/primary/grpc/server.go:35.36,37.16 2 0
github.com/Anthony-Bible/password-exchange/app/internal/domains/encryption/adapters/primary/grpc/server.go:37.16,40.3 2 0
github.com/Anthony-Bible/password-exchange/app/internal/domains/encryption/adapters/primary/grpc/server.go:42.2,48.46 6 0
github.com/Anthony-Bible/password-exchange/app/internal/domains/encryption/adapters/primary/grpc/server.go:48.46,51.3 2 0
github.com/Anthony-Bible/password-exchange/app/internal/domains/encryption/adapters/primary/grpc/server.go:53.2,53.12 1 0
github.com/Anthony-Bible/password-exchange/app/internal/domains/encryption/adapters/primary/grpc/server.go:61.68,65.2 3 1
github.com/Anthony-Bible/password-exchange/app/internal/domains/encryption/adapters/primary/grpc/server.go:68.133,77.16 4 1
github.com/Anthony-Bible/password-exchange/app/internal/domains/encryption/adapters/primary/grpc/server.go:77.16,80.3 2 1
github.com/Anthony-Bible/password-exchange/app/internal/domains/encryption/adapters/primary/grpc/server.go:82.2,87.24 3 1
github.com/Anthony-Bible/password-exchange/app/internal/domains/encryption/adapters/primary/grpc/server.go:91.133,100.16 4 1
github.com/Anthony-Bible/password-exchange/app/internal/domains/encryption/adapters/primary/grpc/server.go:100.16,103.3 2 1
github.com/Anthony-Bible/password-exchange/app/internal/domains/encryption/adapters/primary/grpc/server.go:105.2,110.24 3 1
github.com/Anthony-Bible/password-exchange/app/internal/domains/encryption/adapters/primary/grpc/server.go:114.119,122.16 4 1
github.com/Anthony-Bible/password-exchange/app/internal/domains/encryption/adapters/primary/grpc/server.go:122.16,125.3 2 1
github.com/Anthony-Bible/password-exchange/app/internal/domains/encryption/adapters/primary/grpc/server.go:127.2,133.24 3 1
github.com/Anthony-Bible/password-exchange/app/internal/domains/encryption/domain/service.go:24.112,29.2 1 1
github.com/Anthony-Bible/password-exchange/app/internal/domains/encryption/domain/service.go:32.130,33.24 1 1
github.com/Anthony-Bible/password-exchange/app/internal/domains/encryption/domain/service.go:33.24,36.3 2 1
github.com/Anthony-Bible/password-exchange/app/internal/domains/encryption/domain/service.go:38.2,39.16 2 1
github.com/Anthony-Bible/password-exchange/app/internal/domains/encryption/domain/service.go:39.16,42.3 2 0
github.com/Anthony-Bible/password-exchange/app/internal/domains/encryption/domain/service.go:44.2,45.16 2 1
github.com/Anthony-Bible/password-exchange/app/internal/domains/encryption/domain/service.go:45.16,48.3 2 0
github.com/Anthony-Bible/password-exchange/app/internal/domains/encryption/domain/service.go:50.2,54.42 2 1
github.com/Anthony-Bible/password-exchange/app/internal/domains/encryption/domain/service.go:54.42,56.60 2 1
github.com/Anthony-Bible/password-exchange/app/internal/domains/encryption/domain/service.go:56.60,59.4 2 0
github.com/Anthony-Bible/password-exchange/app/internal/domains/encryption/domain/service.go:61.3,63.71 3 1
github.com/Anthony-Bible/password-exchange/app/internal/domains/encryption/domain/service.go:66.2,67.22 2 1
github.com/Anthony-Bible/password-exchange/app/internal/domains/encryption/domain/service.go:71.130,72.24 1 1
github.com/Anthony-Bible/password-exchange/app/internal/domains/encryption/domain/service.go:72.24,75.3 2 1
github.com/Anthony-Bible/password-exchange/app/internal/domains/encryption/domain/service.go:77.2,78.16 2 1
github.com/Anthony-Bible/password-exchange/app/internal/domains/encryption/domain/service.go:78.16,81.3 2 0
github.com/Anthony-Bible/password-exchange/app/internal/domains/encryption/domain/service.go:83.2,84.16 2 1
github.com/Anthony-Bible/password-exchange/app/internal/domains/encryption/domain/service.go:84.16,87.3 2 0
github.com/Anthony-Bible/password-exchange/app/internal/domains/encryption/domain/service.go:89.2,93.51 2 1
github.com/Anthony-Bible/password-exchange/app/internal/domains/encryption/domain/service.go:93.51,95.17 2 1
github.com/Anthony-Bible/password-exchange/app/internal/domains/encryption/domain/service.go:95.17,98.4 2 1
github.com/Anthony-Bible/password-exchange/app/internal/domains/encryption/domain/service.go:100.3,100.40 1 1
github.com/Anthony-Bible/password-exchange/app/internal/domains/encryption/domain/service.go:100.40,103.4 2 1
github.com/Anthony-Bible/password-exchange/app/internal/domains/encryption/domain/service.go:105.3,109.17 4 1
github.com/Anthony-Bible/password-exchange/app/internal/domains/encryption/domain/service.go:109.17,112.4 2 1
github.com/Anthony-Bible/password-exchange/app/internal/domains/encryption/domain/service.go:114.3,115.68 2 1
github.com/Anthony-Bible/password-exchange/app/internal/domains/encryption/domain/service.go:118.2,119.22 2 1
github.com/Anthony-Bible/password-exchange/app/internal/domains/encryption/domain/service.go:123.132,124.22 1 1
github.com/Anthony-Bible/password-exchange/app/internal/domains/encryption/domain/service.go:124.22,127.3 2 1
github.com/Anthony-Bible/password-exchange/app/internal/domains/encryption/domain/service.go:129.2,130.16 2 1
github.com/Anthony-Bible/password-exchange/app/internal/domains/encryption/domain/service.go:130.16,133.3 2 1
github.com/Anthony-Bible/password-exchange/app/internal/domains/encryption/domain/service.go:135.2,141.22 3 1
github.com/Anthony-Bible/password-exchange/app/internal/domains/encryption/domain/service.go:145.68,147.2 1 1
github.com/Anthony-Bible/password-exchange/app/internal/domains/encryption/adapters/secondary/viper/config.go:39.51,43.2 3 1
github.com/Anthony-Bible/password-exchange/app/internal/domains/encryption/adapters/secondary/viper/config.go:46.51,47.44 1 1
github.com/Anthony-Bible/password-exchange/app/internal/domains/encryption/adapters/secondary/viper/config.go:47.44,49.3 1 1
github.com/Anthony-Bible/password-exchange/app/internal/domains/encryption/adapters/secondary/viper/config.go:50.2,50.20 1 1
github.com/Anthony-Bible/password-exchange/app/internal/domains/encryption/adapters/secondary/viper/config.go:56.48,57.39 1 1
github.com/Anthony-Bible/password-exchange/app/internal/domains/encryption/adapters/secondary/viper/config.go:57.39,59.3 1 1
github.com/Anthony-Bible/password-exchange/app/internal/domains/encryption/adapters/secondary/viper/config.go:60.2,60.20 1 1
github.com/Anthony-Bible/password-exchange/app/internal/domains/encryption/adapters/secondary/viper/config.go:64.56,66.2 1 1
github.com/Anthony-Bible/password-exchange/app/internal/domains/encryption/adapters/secondary/viper/config.go:69.60,72.16 3 1
github.com/Anthony-Bible/password-exchange/app/internal/domains/encryption/adapters/secondary/viper/config.go:72.16,74.3 1 1
github.com/Anthony-Bible/password-exchange/app/internal/domains/encryption/adapters/secondary/viper/config.go:75.2,75.30 1 1
github.com/Anthony-Bible/password-exchange/app/internal/domains/encryption/adapters/secondary/viper/config.go:75.30,77.3 1 1
github.com/Anthony-Bible/password-exchange/app/internal/domains/encryption/adapters/secondary/viper/config.go:78.2,79.57 2 1
github.com/Anthony-Bible/password-exchange/app/internal/domains/encryption/adapters/secondary/viper/config.go:79.57,81.3 1 0
github.com/Anthony-Bible/password-exchange/app/internal/domains/encryption/adapters/secondary/viper/config.go:82.2,82.62 1 1
github.com/Anthony-Bible/password-exchange/app/internal/domains/encryption/adapters/secondary/viper/config.go:82.62,84.3 1 1
github.com/Anthony-Bible/password-exchange/app/internal/domains/encryption/adapters/secondary/viper/config.go:85.2,85.12 1 1
github.com/Anthony-Bible/password-exchange/app/internal/domains/message/adapters/primary/api/middleware/correlation.go:16.38,17.30 1 1
github.com/Anthony-Bible/password-exchange/app/internal/domains/message/adapters/primary/api/middleware/correlation.go:17.30,22.26 2 1
github.com/Anthony-Bible/password-exchange/app/internal/domains/message/adapters/primary/api/middleware/correlation.go:22.26,24.4 1 1
github.com/Anthony-Bible/password-exchange/app/internal/domains/message/adapters/primary/api/middleware/correlation.go:27.3,30.11 3 1
github.com/Anthony-Bible/password-exchange/app/internal/domains/message/adapters/primary/api/middleware/error_handler.go:12.37,13.72 1 0
github.com/Anthony-Bible/password-exchange/app/internal/domains/message/adapters/primary/api/middleware/error_handler.go:13.72,31.3 4 0
github.com/Anthony-Bible/password-exchange/app/internal/domains/message/adapters/primary/api/middleware/error_handler.go:35.115,48.20 4 0
github.com/Anthony-Bible/password-exchange/app/internal/domains/message/adapters/primary/api/middleware/error_handler.go:48.20,50.3 1 0
github.com/Anthony-Bible/password-exchange/app/internal/domains/message/adapters/primary/api/middleware/error_handler.go:50.8,52.3 1 0
github.com/Anthony-Bible/password-exchange/app/internal/domains/message/adapters/primary/api/middleware/error_handler.go:54.2,54.50 1 0
github.com/Anthony-Bible/password-exchange/app/internal/domains/message/adapters/primary/api/middleware/prometheus.go:20.77,54.2 3 1
github.com/Anthony-Bible/password-exchange/app/internal/domains/message/adapters/primary/api/middleware/prometheus.go:57.71,58.30 1 1
github.com/Anthony-Bible/password-exchange/app/internal/domains/message/adapters/primary/api/middleware/prometheus.go:58.30,75.21 9 1
github.com/Anthony-Bible/password-exchange/app/internal/domains/message/adapters/primary/api/middleware/prometheus.go:75.21,77.4 1 0
github.com/Anthony-Bible/password-exchange/app/internal/domains/message/adapters/primary/api/middleware/prometheus.go:80.3,82.88 3 1
github.com/Anthony-Bible/password-exchange/app/internal/domains/message/adapters/primary/api/middleware/prometheus.go:87.71,90.2 2 1
github.com/Anthony-Bible/password-exchange/app/internal/domains/message/adapters/primary/api/middleware/rate_limit.go:24.49,26.2 1 1
github.com/Anthony-Bible/password-exchange/app/internal/domains/message/adapters/primary/api/middleware/rate_limit.go:29.69,31.32 1 1
github.com/Anthony-Bible/password-exchange/app/internal/domains/message/adapters/primary/api/middleware/rate_limit.go:31.32,33.3 1 1
github.com/Anthony-Bible/password-exchange/app/internal/domains/message/adapters/primary/api/middleware/rate_limit.go:36.2,51.3 4 1
github.com/Anthony-Bible/password-exchange/app/internal/domains/message/adapters/primary/api/middleware/rate_limit.go:55.54,57.2 1 1
github.com/Anthony-Bible/password-exchange/app/internal/domains/message/adapters/primary/api/middleware/rate_limit.go:61.51,61.84 1 1
github.com/Anthony-Bible/password-exchange/app/internal/domains/message/adapters/primary/api/middleware/rate_limit.go:65.47,65.81 1 1
github.com/Anthony-Bible/password-exchange/app/internal/domains/message/adapters/primary/api/middleware/rate_limit.go:69.48,69.81 1 1
github.com/Anthony-Bible/password-exchange/app/internal/domains/message/adapters/primary/api/middleware/rate_limit.go:72.52,73.30 1 0
github.com/Anthony-Bible/password-exchange/app/internal/domains/message/adapters/primary/api/middleware/rate_limit.go:73.30,76.3 1 0
github.com/Anthony-Bible/password-exchange/app/internal/domains/message/adapters/primary/api/middleware/rate_limit.go:80.52,90.26 3 1
github.com/Anthony-Bible/password-exchange/app/internal/domains/message/adapters/primary/api/middleware/rate_limit.go:90.26,92.3 1 1
github.com/Anthony-Bible/password-exchange/app/internal/domains/message/adapters/primary/api/middleware/rate_limit.go:95.2,95.82 1 1
github.com/Anthony-Bible/password-exchange/app/internal/domains/message/adapters/primary/api/middleware/rate_limit.go:95.82,97.3 1 1
github.com/Anthony-Bible/password-exchange/app/internal/domains/message/adapters/primary/api/middleware/rate_limit.go:98.2,98.78 1 1
github.com/Anthony-Bible/password-exchange/app/internal/domains/message/adapters/primary/api/middleware/rate_limit.go:98.78,100.3 1 1
github.com/Anthony-Bible/password-exchange/app/internal/domains/message/adapters/primary/api/middleware/rate_limit.go:101.2,101.70 1 1
github.com/Anthony-Bible/password-exchange/app/internal/domains/message/adapters/primary/api/middleware/rate_limit.go:101.70,103.3 1 1
github.com/Anthony-Bible/password-exchange/app/internal/domains/message/adapters/primary/api/middleware/rate_limit.go:105.2,106.51 2 1
github.com/Anthony-Bible/password-exchange/app/internal/domains/message/adapters/primary/api/middleware/rate_limit.go:111.46,111.79 1 1
github.com/Anthony-Bible/password-exchange/app/internal/domains/message/adapters/primary/api/middleware/rate_limit.go:115.44,115.78 1 1
github.com/Anthony-Bible/password-exchange/app/internal/domains/message/adapters/primary/api/middleware/rate_limit.go:119.45,119.79 1 1
github.com/Anthony-Bible/password-exchange/app/internal/domains/message/adapters/primary/api/middleware/redacting_logger.go:21.53,22.30 1 1
github.com/Anthony-Bible/password-exchange/app/internal/domains/message/adapters/primary/api/middleware/redacting_logger.go:22.30,35.21 10 1
github.com/Anthony-Bible/password-exchange/app/internal/domains/message/adapters/primary/api/middleware/redacting_logger.go:35.21,37.4 1 1
github.com/Anthony-Bible/password-exchange/app/internal/domains/message/adapters/primary/api/middleware/redacting_logger.go:39.3,46.4 1 1
github.com/Anthony-Bible/password-exchange/app/internal/domains/message/adapters/primary/api/middleware/redacting_logger.go:53.48,54.20 1 1
github.com/Anthony-Bible/password-exchange/app/internal/domains/message/adapters/primary/api/middleware/redacting_logger.go:54.20,56.3 1 1
github.com/Anthony-Bible/password-exchange/app/internal/domains/message/adapters/primary/api/middleware/redacting_logger.go:58.2,59.16 2 1
github.com/Anthony-Bible/password-exchange/app/internal/domains/message/adapters/primary/api/middleware/redacting_logger.go:59.16,62.3 1 0
github.com/Anthony-Bible/password-exchange/app/internal/domains/message/adapters/primary/api/middleware/redacting_logger.go:64.2,64.44 1 1
github.com/Anthony-Bible/password-exchange/app/internal/domains/message/adapters/primary/api/middleware/redacting_logger.go:64.44,65.42 1 1
github.com/Anthony-Bible/password-exchange/app/internal/domains/message/adapters/primary/api/middleware/redacting_logger.go:65.42,67.4 1 1
github.com/Anthony-Bible/password-exchange/app/internal/domains/message/adapters/primary/api/middleware/redacting_logger.go:70.2,70.24 1 1
github.com/Anthony-Bible/password-exchange/app/internal/domains/message/adapters/primary/api/middleware/validation.go:18.13,22.68 2 1
github.com/Anthony-Bible/password-exchange/app/internal/domains/message/adapters/primary/api/middleware/validation.go:22.68,24.18 2 1
github.com/Anthony-Bible/password-exchange/app/internal/domains/message/adapters/primary/api/middleware/validation.go:24.18,26.4 1 0
github.com/Anthony-Bible/password-exchange/app/internal/domains/message/adapters/primary/api/middleware/validation.go:27.3,27.14 1 1
github.com/Anthony-Bible/password-exchange/app/internal/domains/message/adapters/primary/api/middleware/validation.go:31.2,32.60 2 1
github.com/Anthony-Bible/password-exchange/app/internal/domains/message/adapters/primary/api/middleware/validation.go:36.45,37.30 1 0
github.com/Anthony-Bible/password-exchange/app/internal/domains/message/adapters/primary/api/middleware/validation.go:37.30,42.3 2 0
github.com/Anthony-Bible/password-exchange/app/internal/domains/message/adapters/primary/api/middleware/validation.go:46.59,48.16 2 1
github.com/Anthony-Bible/password-exchange/app/internal/domains/message/adapters/primary/api/middleware/validation.go:48.16,50.3 1 1
github.com/Anthony-Bible/password-exchange/app/internal/domains/message/adapters/primary/api/middleware/validation.go:52.2,54.66 2 1
github.com/Anthony-Bible/password-exchange/app/internal/domains/message/adapters/primary/api/middleware/validation.go:54.66,55.47 1 1
github.com/Anthony-Bible/password-exchange/app/internal/domains/message/adapters/primary/api/middleware/validation.go:55.47,58.4 2 1
github.com/Anthony-Bible/password-exchange/app/internal/domains/message/adapters/primary/api/middleware/validation.go:61.2,61.13 1 1
github.com/Anthony-Bible/password-exchange/app/internal/domains/message/adapters/primary/api/middleware/validation.go:65.93,69.62 2 1
github.com/Anthony-Bible/password-exchange/app/internal/domains/message/adapters/primary/api/middleware/validation.go:69.62,70.34 1 1
github.com/Anthony-Bible/password-exchange/app/internal/domains/message/adapters/primary/api/middleware/validation.go:70.34,72.4 1 1
github.com/Anthony-Bible/password-exchange/app/internal/domains/message/adapters/primary/api/middleware/validation.go:76.2,76.26 1 1
github.com/Anthony-Bible/password-exchange/app/internal/domains/message/adapters/primary/api/middleware/validation.go:76.26,77.24 1 1
github.com/Anthony-Bible/password-exchange/app/internal/domains/message/adapters/primary/api/middleware/validation.go:77.24,79.4 1 1
github.com/Anthony-Bible/password-exchange/app/internal/domains/message/adapters/primary/api/middleware/validation.go:79.9,80.29 1 1
github.com/Anthony-Bible/password-exchange/app/internal/domains/message/adapters/primary/api/middleware/validation.go:80.29,82.5 1 1
github.com/Anthony-Bible/password-exchange/app/internal/domains/message/adapters/primary/api/middleware/validation.go:83.4,83.30 1 1
github.com/Anthony-Bible/password-exchange/app/internal/domains/message/adapters/primary/api/middleware/validation.go:83.30,85.5 1 1
github.com/Anthony-Bible/password-exchange/app/internal/domains/message/adapters/primary/api/middleware/validation.go:85.10,85.78 1 1
github.com/Anthony-Bible/password-exchange/app/internal/domains/message/adapters/primary/api/middleware/validation.go:85.78,86.36 1 1
github.com/Anthony-Bible/password-exchange/app/internal/domains/message/adapters/primary/api/middleware/validation.go:86.36,88.6 1 1
github.com/Anthony-Bible/password-exchange/app/internal/domains/message/adapters/primary/api/middleware/validation.go:92.3,92.27 1 1
github.com/Anthony-Bible/password-exchange/app/internal/domains/message/adapters/primary/api/middleware/validation.go:92.27,94.4 1 1
github.com/Anthony-Bible/password-exchange/app/internal/domains/message/adapters/primary/api/middleware/validation.go:94.9,95.32 1 1
github.com/Anthony-Bible/password-exchange/app/internal/domains/message/adapters/primary/api/middleware/validation.go:95.32,97.5 1 1
github.com/Anthony-Bible/password-exchange/app/internal/domains/message/adapters/primary/api/middleware/validation.go:98.4,98.33 1 1
github.com/Anthony-Bible/password-exchange/app/internal/domains/message/adapters/primary/api/middleware/validation.go:98.33,100.5 1 1
github.com/Anthony-Bible/password-exchange/app/internal/domains/message/adapters/primary/api/middleware/validation.go:100.10,100.87 1 1
github.com/Anthony-Bible/password-exchange/app/internal/domains/message/adapters/primary/api/middleware/validation.go:100.87,101.39 1 1
github.com/Anthony-Bible/password-exchange/app/internal/domains/message/adapters/primary/api/middleware/validation.go:101.39,103.6 1 1
github.com/Anthony-Bible/password-exchange/app/internal/domains/message/adapters/primary/api/middleware/validation.go:108.3,108.31 1 1
github.com/Anthony-Bible/password-exchange/app/internal/domains/message/adapters/primary/api/middleware/validation.go:108.31,110.4 1 1
github.com/Anthony-Bible/password-exchange/app/internal/domains/message/adapters/primary/api/middleware/validation.go:110.9,110.72 1 1
github.com/Anthony-Bible/password-exchange/app/internal/domains/message/adapters/primary/api/middleware/validation.go:110.72,112.4 1 1
github.com/Anthony-Bible/password-exchange/app/internal/domains/message/adapters/primary/api/middleware/validation.go:115.2,115.22 1 1
github.com/Anthony-Bible/password-exchange/app/internal/domains/message/adapters/primary/api/middleware/validation.go:115.22,117.3 1 1
github.com/Anthony-Bible/password-exchange/app/internal/domains/message/adapters/primary/api/middleware/validation.go:119.2,119.15 1 1
github.com/Anthony-Bible/password-exchange/app/internal/domains/message/adapters/primary/api/middleware/validation.go:123.70,124.30 1 0
github.com/Anthony-Bible/password-exchange/app/internal/domains/message/adapters/primary/api/middleware/validation.go:124.30,136.44 5 0
github.com/Anthony-Bible/password-exchange/app/internal/domains/message/adapters/primary/api/middleware/validation.go:136.44,140.4 1 0
github.com/Anthony-Bible/password-exchange/app/internal/domains/message/adapters/primary/api/middleware/validation.go:147.59,150.37 2 0
github.com/Anthony-Bible/password-exchange/app/internal/domains/message/adapters/primary/api/middleware/validation.go:150.37,152.3 1 0
github.com/Anthony-Bible/password-exchange/app/internal/domains/message/adapters/primary/api/middleware/validation.go:155.2,156.38 2 0
github.com/Anthony-Bible/password-exchange/app/internal/domains/message/adapters/primary/api/middleware/validation.go:156.38,158.3 1 0
github.com/Anthony-Bible/password-exchange/app/internal/domains/message/adapters/primary/api/middleware/validation.go:161.2,161.34 1 0
github.com/Anthony-Bible/password-exchange/app/internal/domains/message/adapters/primary/api/middleware/validation.go:161.34,163.3 1 0
github.com/Anthony-Bible/password-exchange/app/internal/domains/message/adapters/primary/api/middleware/validation.go:165.2,165.13 1 0
github.com/Anthony-Bible/password-exchange/app/internal/domains/message/adapters/primary/api/middleware/validation.go:169.49,172.2 2 0
github.com/Anthony-Bible/password-exchange/app/internal/domains/message/adapters/primary/api/middleware/validation.go:175.64,176.18 1 1
github.com/Anthony-Bible/password-exchange/app/internal/domains/message/adapters/primary/api/middleware/validation.go:177.18,178.51 1 1
github.com/Anthony-Bible/password-exchange/app/internal/domains/message/adapters/primary/api/middleware/validation.go:179.15,180.41 1 1
github.com/Anthony-Bible/password-exchange/app/internal/domains/message/adapters/primary/api/middleware/validation.go:181.13,182.67 1 1
github.com/Anthony-Bible/password-exchange/app/internal/domains/message/adapters/primary/api/middleware/validation.go:183.13,184.71 1 1
github.com/Anthony-Bible/password-exchange/app/internal/domains/message/adapters/primary/api/middleware/validation.go:185.34,186.65 1 0
github.com/Anthony-Bible/password-exchange/app/internal/domains/message/adapters/primary/api/middleware/validation.go:187.23,188.36 1 0
github.com/Anthony-Bible/password-exchange/app/internal/domains/message/adapters/primary/api/middleware/validation.go:189.10,190.61 1 0
github.com/Anthony-Bible/password-exchange/app/internal/domains/message/adapters/primary/api/middleware/validation.go:195.65,196.23 1 1
github.com/Anthony-Bible/password-exchange/app/internal/domains/message/adapters/primary/api/middleware/validation.go:196.23,200.3 2 1
github.com/Anthony-Bible/password-exchange/app/internal/domains/message/adapters/primary/api/middleware/validation.go:203.2,213.13 3 1
github.com/Anthony-Bible/password-exchange/app/internal/domains/message/adapters/primary/api/middleware/validation.go:213.13,215.3 1 1
github.com/Anthony-Bible/password-exchange/app/internal/domains/message/adapters/primary/api/middleware/validation.go:217.2,218.38 2 1
github.com/Anthony-Bible/password-exchange/app/internal/domains/message/adapters/primary/api/middleware/validation.go:218.38,219.32 1 1
github.com/Anthony-Bible/password-exchange/app/internal/domains/message/adapters/primary/api/middleware/validation.go:219.32,221.4 1 1
github.com/Anthony-Bible/password-exchange/app/internal/domains/message/adapters/primary/api/middleware/validation.go:224.2,224.14 1 1
github.com/Anthony-Bible/password-exchange/app/internal/domains/message/adapters/primary/web/discovery.go:14.37,16.60 2 1
github.com/Anthony-Bible/password-exchange/app/internal/domains/message/adapters/primary/web/discovery.go:16.60,18.3 1 1
github.com/Anthony-Bible/password-exchange/app/internal/domains/message/adapters/primary/web/discovery.go:18.8,18.33 1 1
github.com/Anthony-Bible/password-exchange/app/internal/domains/message/adapters/primary/web/discovery.go:18.33,20.3 1 0
github.com/Anthony-Bible/password-exchange/app/internal/domains/message/adapters/primary/web/discovery.go:21.2,21.40 1 1
github.com/Anthony-Bible/password-exchange/app/internal/domains/message/adapters/primary/web/discovery.go:25.52,33.2 2 1
github.com/Anthony-Bible/password-exchange/app/internal/domains/message/adapters/primary/web/discovery.go:46.53,57.16 4 1
github.com/Anthony-Bible/password-exchange/app/internal/domains/message/adapters/primary/web/discovery.go:57.16,60.3 2 0
github.com/Anthony-Bible/password-exchange/app/internal/domains/message/adapters/primary/web/discovery.go:61.2,62.63 2 1
github.com/Anthony-Bible/password-exchange/app/internal/domains/message/adapters/primary/web/discovery.go:82.53,101.16 4 1
github.com/Anthony-Bible/password-exchange/app/internal/domains/message/adapters/primary/web/discovery.go:101.16,104.3 2 0
github.com/Anthony-Bible/password-exchange/app/internal/domains/message/adapters/primary/web/discovery.go:105.2,105.57 1 1
github.com/Anthony-Bible/password-exchange/app/internal/domains/message/adapters/primary/web/handlers.go:39.83,43.2 1 1
github.com/Anthony-Bible/password-exchange/app/internal/domains/message/adapters/primary/web/handlers.go:46.56,53.76 4 1
github.com/Anthony-Bible/password-exchange/app/internal/domains/message/adapters/primary/web/handlers.go:53.76,55.17 2 1
github.com/Anthony-Bible/password-exchange/app/internal/domains/message/adapters/primary/web/handlers.go:55.17,59.4 3 1
github.com/Anthony-Bible/password-exchange/app/internal/domains/message/adapters/primary/web/handlers.go:60.3,60.57 1 1
github.com/Anthony-Bible/password-exchange/app/internal/domains/message/adapters/primary/web/handlers.go:60.57,68.4 3 1
github.com/Anthony-Bible/password-exchange/app/internal/domains/message/adapters/primary/web/handlers.go:69.3,69.24 1 1
github.com/Anthony-Bible/password-exchange/app/internal/domains/message/adapters/primary/web/handlers.go:73.2,74.84 2 1
github.com/Anthony-Bible/password-exchange/app/internal/domains/message/adapters/primary/web/handlers.go:74.84,76.17 2 0
github.com/Anthony-Bible/password-exchange/app/internal/domains/message/adapters/primary/web/handlers.go:76.17,80.4 3 0
github.com/Anthony-Bible/password-exchange/app/internal/domains/message/adapters/primary/web/handlers.go:81.3,82.15 2 0
github.com/Anthony-Bible/password-exchange/app/internal/domains/message/adapters/primary/web/handlers.go:83.15,84.50 1 0
github.com/Anthony-Bible/password-exchange/app/internal/domains/message/adapters/primary/web/handlers.go:84.50,92.5 3 0
github.com/Anthony-Bible/password-exchange/app/internal/domains/message/adapters/primary/web/handlers.go:93.4,93.38 1 0
github.com/Anthony-Bible/password-exchange/app/internal/domains/message/adapters/primary/web/handlers.go:94.20,95.33 1 0
github.com/Anthony-Bible/password-exchange/app/internal/domains/message/adapters/primary/web/handlers.go:96.11,99.10 3 0
github.com/Anthony-Bible/password-exchange/app/internal/domains/message/adapters/primary/web/handlers.go:101.3,101.97 1 0
github.com/Anthony-Bible/password-exchange/app/internal/domains/message/adapters/primary/web/handlers.go:101.97,109.4 3 0
github.com/Anthony-Bible/password-exchange/app/internal/domains/message/adapters/primary/web/handlers.go:113.2,130.16 3 1
github.com/Anthony-Bible/password-exchange/app/internal/domains/message/adapters/primary/web/handlers.go:130.16,134.3 3 0
github.com/Anthony-Bible/password-exchange/app/internal/domains/message/adapters/primary/web/handlers.go:137.2,139.91 2 1
github.com/Anthony-Bible/password-exchange/app/internal/domains/message/adapters/primary/web/handlers.go:143.59,151.16 5 1
github.com/Anthony-Bible/password-exchange/app/internal/domains/message/adapters/primary/web/handlers.go:151.16,155.3 3 0
github.com/Anthony-Bible/password-exchange/app/internal/domains/message/adapters/primary/web/handlers.go:157.2,157.24 1 1
github.com/Anthony-Bible/password-exchange/app/internal/domains/message/adapters/primary/web/handlers.go:157.24,161.3 3 1
github.com/Anthony-Bible/password-exchange/app/internal/domains/message/adapters/primary/web/handlers.go:164.2,169.93 2 1
github.com/Anthony-Bible/password-exchange/app/internal/domains/message/adapters/primary/web/handlers.go:173.57,182.38 6 1
github.com/Anthony-Bible/password-exchange/app/internal/domains/message/adapters/primary/web/handlers.go:182.38,184.3 1 1
github.com/Anthony-Bible/password-exchange/app/internal/domains/message/adapters/primary/web/handlers.go:186.2,187.16 2 1
github.com/Anthony-Bible/password-exchange/app/internal/domains/message/adapters/primary/web/handlers.go:187.16,191.3 3 0
github.com/Anthony-Bible/password-exchange/app/internal/domains/message/adapters/primary/web/handlers.go:194.2,202.16 3 1
github.com/Anthony-Bible/password-exchange/app/internal/domains/message/adapters/primary/web/handlers.go:202.16,206.41 2 1
github.com/Anthony-Bible/password-exchange/app/internal/domains/message/adapters/primary/web/handlers.go:206.41,214.4 3 1
github.com/Anthony-Bible/password-exchange/app/internal/domains/message/adapters/primary/web/handlers.go:216.3,217.9 2 0
github.com/Anthony-Bible/password-exchange/app/internal/domains/message/adapters/primary/web/handlers.go:221.2,229.97 3 1
github.com/Anthony-Bible/password-exchange/app/internal/domains/message/adapters/primary/web/handlers.go:233.47,240.2 4 1
github.com/Anthony-Bible/password-exchange/app/internal/domains/message/adapters/primary/web/handlers.go:242.48,247.2 2 0
github.com/Anthony-Bible/password-exchange/app/internal/domains/message/adapters/primary/web/handlers.go:249.55,256.2 3 1
github.com/Anthony-Bible/password-exchange/app/internal/domains/message/adapters/primary/web/handlers.go:261.55,266.2 2 0
github.com/Anthony-Bible/password-exchange/app/internal/domains/message/adapters/primary/web/handlers.go:268.51,270.2 1 0
github.com/Anthony-Bible/password-exchange/app/internal/domains/message/adapters/primary/web/handlers.go:273.81,282.2 3 0
github.com/Anthony-Bible/password-exchange/app/internal/domains/message/adapters/primary/web/handlers.go:284.93,293.2 3 1
github.com/Anthony-Bible/password-exchange/app/internal/domains/message/adapters/primary/web/handlers.go:295.52,300.2 2 1
github.com/Anthony-Bible/password-exchange/app/internal/domains/message/adapters/primary/web/handlers.go:308.3,311.23 2 1
github.com/Anthony-Bible/password-exchange/app/internal/domains/message/adapters/primary/web/handlers.go:311.23,314.3 2 1
github.com/Anthony-Bible/password-exchange/app/internal/domains/message/adapters/primary/web/handlers.go:318.2,318.22 1 1
github.com/Anthony-Bible/password-exchange/app/internal/domains/message/adapters/primary/web/handlers.go:318.22,321.3 2 1
github.com/Anthony-Bible/password-exchange/app/internal/domains/message/adapters/primary/web/handlers.go:323.2,325.16 3 1
github.com/Anthony-Bible/password-exchange/app/internal/domains/message/adapters/primary/web/handlers.go:325.16,329.3 3 0
github.com/Anthony-Bible/password-exchange/app/internal/domains/message/adapters/primary/web/handlers.go:330.2,330.57 1 1
github.com/Anthony-Bible/password-exchange/app/internal/domains/message/adapters/primary/web/handlers.go:337.108,345.15 4 1
github.com/Anthony-Bible/password-exchange/app/internal/domains/message/adapters/primary/web/handlers.go:345.15,345.38 1 1
github.com/Anthony-Bible/password-exchange/app/internal/domains/message/adapters/primary/web/handlers.go:347.2,348.34 2 1
github.com/Anthony-Bible/password-exchange/app/internal/domains/message/adapters/primary/web/handlers.go:364.62,364.81 1 1
github.com/Anthony-Bible/password-exchange/app/internal/domains/message/adapters/primary/web/handlers.go:365.62,365.88 1 1
github.com/Anthony-Bible/password-exchange/app/internal/domains/message/adapters/primary/web/handlers.go:366.62,366.94 1 0
github.com/Anthony-Bible/password-exchange/app/internal/domains/message/adapters/primary/web/handlers.go:367.62,367.81 1 1
github.com/Anthony-Bible/password-exchange/app/internal/domains/message/adapters/primary/web/handlers.go:368.63,368.64 0 0
github.com/Anthony-Bible/password-exchange/app/internal/domains/message/adapters/primary/web/handlers.go:369.62,369.81 1 0
github.com/Anthony-Bible/password-exchange/app/internal/domains/message/adapters/primary/web/handlers.go:370.62,370.85 1 0
github.com/Anthony-Bible/password-exchange/app/internal/domains/message/adapters/primary/web/handlers.go:371.62,371.89 1 0
github.com/Anthony-Bible/password-exchange/app/internal/domains/message/adapters/primary/web/handlers.go:376.50,386.2 9 1
github.com/Anthony-Bible/password-exchange/app/internal/domains/message/adapters/primary/web/handlers.go:390.48,391.55 1 1
github.com/Anthony-Bible/password-exchange/app/internal/domains/message/adapters/primary/web/handlers.go:391.55,393.3 1 1
github.com/Anthony-Bible/password-exchange/app/internal/domains/message/adapters/primary/web/handlers.go:394.2,395.15 2 1
github.com/Anthony-Bible/password-exchange/app/internal/domains/message/adapters/primary/web/handlers.go:395.15,397.3 1 1
github.com/Anthony-Bible/password-exchange/app/internal/domains/message/adapters/primary/web/handlers.go:398.2,404.35 7 1
github.com/Anthony-Bible/password-exchange/app/internal/domains/message/adapters/primary/web/handlers.go:404.35,406.3 1 1
github.com/Anthony-Bible/password-exchange/app/internal/domains/message/adapters/primary/web/handlers.go:407.2,409.43 3 1
github.com/Anthony-Bible/password-exchange/app/internal/domains/message/adapters/primary/web/handlers.go:409.43,412.3 2 1
github.com/Anthony-Bible/password-exchange/app/internal/domains/message/adapters/primary/web/handlers.go:413.2,413.19 1 1
github.com/Anthony-Bible/password-exchange/app/internal/domains/message/adapters/primary/web/handlers.go:418.39,420.28 2 1
github.com/Anthony-Bible/password-exchange/app/internal/domains/message/adapters/primary/web/handlers.go:420.28,421.15 1 1
github.com/Anthony-Bible/password-exchange/app/internal/domains/message/adapters/primary/web/handlers.go:421.15,423.21 2 1
github.com/Anthony-Bible/password-exchange/app/internal/domains/message/adapters/primary/web/handlers.go:423.21,425.5 1 1
github.com/Anthony-Bible/password-exchange/app/internal/domains/message/adapters/primary/web/handlers.go:426.9,428.4 1 1
github.com/Anthony-Bible/password-exchange/app/internal/domains/message/adapters/primary/web/handlers.go:430.2,431.16 2 1
github.com/Anthony-Bible/password-exchange/app/internal/domains/message/adapters/primary/web/handlers.go:431.16,433.3 1 1
github.com/Anthony-Bible/password-exchange/app/internal/domains/message/adapters/primary/web/handlers.go:434.2,434.36 1 1
github.com/Anthony-Bible/password-exchange/app/internal/domains/message/adapters/primary/web/handlers.go:441.41,443.24 2 1
github.com/Anthony-Bible/password-exchange/app/internal/domains/message/adapters/primary/web/handlers.go:443.24,445.3 1 1
github.com/Anthony-Bible/password-exchange/app/internal/domains/message/adapters/primary/web/handlers.go:447.2,449.57 3 1
github.com/Anthony-Bible/password-exchange/app/internal/domains/message/adapters/primary/web/handlers.go:449.57,451.17 2 1
github.com/Anthony-Bible/password-exchange/app/internal/domains/message/adapters/primary/web/handlers.go:451.17,452.12 1 0
github.com/Anthony-Bible/password-exchange/app/internal/domains/message/adapters/primary/web/handlers.go:454.3,455.10 2 1
github.com/Anthony-Bible/password-exchange/app/internal/domains/message/adapters/primary/web/handlers.go:455.10,456.12 1 0
github.com/Anthony-Bible/password-exchange/app/internal/domains/message/adapters/primary/web/handlers.go:458.3,458.10 1 1
github.com/Anthony-Bible/password-exchange/app/internal/domains/message/adapters/primary/web/handlers.go:459.56,460.15 1 1
github.com/Anthony-Bible/password-exchange/app/internal/domains/message/adapters/primary/web/handlers.go:460.15,462.5 1 1
github.com/Anthony-Bible/password-exchange/app/internal/domains/message/adapters/primary/web/handlers.go:463.50,464.22 1 1
github.com/Anthony-Bible/password-exchange/app/internal/domains/message/adapters/primary/web/handlers.go:464.22,466.5 1 1
github.com/Anthony-Bible/password-exchange/app/internal/domains/message/adapters/primary/web/handlers.go:467.47,468.25 1 1
github.com/Anthony-Bible/password-exchange/app/internal/domains/message/adapters/primary/web/handlers.go:468.25,470.5 1 1
github.com/Anthony-Bible/password-exchange/app/internal/domains/message/adapters/primary/web/handlers.go:471.27,472.24 1 1
github.com/Anthony-Bible/password-exchange/app/internal/domains/message/adapters/primary/web/handlers.go:472.24,474.5 1 1
github.com/Anthony-Bible/password-exchange/app/internal/domains/message/adapters/primary/web/handlers.go:478.2,478.14 1 1
github.com/Anthony-Bible/password-exchange/app/internal/domains/message/adapters/primary/web/handlers.go:478.14,480.3 1 1
github.com/Anthony-Bible/password-exchange/app/internal/domains/message/adapters/primary/web/handlers.go:485.2,486.9 2 1
github.com/Anthony-Bible/password-exchange/app/internal/domains/message/adapters/primary/web/handlers.go:487.23,488.21 1 1
github.com/Anthony-Bible/password-exchange/app/internal/domains/message/adapters/primary/web/handlers.go:489.26,490.24 1 1
github.com/Anthony-Bible/password-exchange/app/internal/domains/message/adapters/primary/web/handlers.go:491.25,492.23 1 1
github.com/Anthony-Bible/password-exchange/app/internal/domains/message/adapters/primary/web/handlers.go:494.2,494.21 1 1
github.com/Anthony-Bible/password-exchange/app/internal/domains/message/adapters/primary/web/handlers.go:498.61,500.9 2 1
github.com/Anthony-Bible/password-exchange/app/internal/domains/message/adapters/primary/web/handlers.go:500.9,502.3 1 1
github.com/Anthony-Bible/password-exchange/app/internal/domains/message/adapters/primary/web/handlers.go:504.2,505.34 2 1
github.com/Anthony-Bible/password-exchange/app/internal/domains/message/adapters/primary/web/handlers.go:505.34,507.3 1 0
github.com/Anthony-Bible/password-exchange/app/internal/domains/message/adapters/primary/web/handlers.go:509.2,509.16 1 1
github.com/Anthony-Bible/password-exchange/app/internal/domains/message/adapters/primary/web/handlers.go:513.58,514.41 1 0
github.com/Anthony-Bible/password-exchange/app/internal/domains/message/adapters/primary/web/handlers.go:514.41,516.3 1 0
github.com/Anthony-Bible/password-exchange/app/internal/domains/message/adapters/primary/web/handlers.go:518.2,519.16 2 0
github.com/Anthony-Bible/password-exchange/app/internal/domains/message/adapters/primary/web/handlers.go:519.16,521.3 1 0
github.com/Anthony-Bible/password-exchange/app/internal/domains/message/adapters/primary/web/handlers.go:523.2,523.62 1 0
github.com/Anthony-Bible/password-exchange/app/internal/domains/message/adapters/primary/web/server.go:34.14,48.29 5 0
github.com/Anthony-Bible/password-exchange/app/internal/domains/message/adapters/primary/web/server.go:48.29,50.4 1 0
github.com/Anthony-Bible/password-exchange/app/internal/domains/message/adapters/primary/web/server.go:54.2,64.3 4 0
github.com/Anthony-Bible/password-exchange/app/internal/domains/message/adapters/primary/web/server.go:68.81,71.2 2 0
github.com/Anthony-Bible/password-exchange/app/internal/domains/message/adapters/primary/web/server.go:74.35,102.2 13 0
github.com/Anthony-Bible/password-exchange/app/internal/domains/message/adapters/primary/web/server.go:105.38,123.36 5 0
github.com/Anthony-Bible/password-exchange/app/internal/domains/message/adapters/primary/web/server.go:123.36,132.36 4 0
github.com/Anthony-Bible/password-exchange/app/internal/domains/message/adapters/primary/web/server.go:132.36,135.4 2 0
github.com/Anthony-Bible/password-exchange/app/internal/domains/message/adapters/primary/web/server.go:136.3,136.11 1 0
github.com/Anthony-Bible/password-exchange/app/internal/domains/message/adapters/primary/web/server.go:140.2,145.2 4 0
github.com/Anthony-Bible/password-exchange/app/internal/domains/message/adapters/primary/web/server.go:145.2,151.27 4 0
github.com/Anthony-Bible/password-exchange/app/internal/domains/message/adapters/primary/web/server.go:151.27,156.4 4 0
github.com/Anthony-Bible/password-exchange/app/internal/domains/message/adapters/primary/web/server.go:159.3,163.69 3 0
github.com/Anthony-Bible/password-exchange/app/internal/domains/message/adapters/primary/web/server.go:166.2,166.69 1 0
github.com/Anthony-Bible/password-exchange/app/internal/domains/message/adapters/primary/web/server.go:170.35,175.2 3 0
github.com/Anthony-Bible/password-exchange/app/internal/domains/message/adapters/primary/web/server.go:178.45,180.2 1 0
github.com/Anthony-Bible/password-exchange/app/internal/domains/message/adapters/secondary/crypto/file_encryption.go:60.97,62.2 1 1
github.com/Anthony-Bible/password-exchange/app/internal/domains/message/adapters/secondary/crypto/file_encryption.go:65.81,66.24 1 1
github.com/Anthony-Bible/password-exchange/app/internal/domains/message/adapters/secondary/crypto/file_encryption.go:66.24,68.3 1 0
github.com/Anthony-Bible/password-exchange/app/internal/domains/message/adapters/secondary/crypto/file_encryption.go:69.2,69.36 1 1
github.com/Anthony-Bible/password-exchange/app/internal/domains/message/adapters/secondary/crypto/file_encryption.go:73.96,74.24 1 1
github.com/Anthony-Bible/password-exchange/app/internal/domains/message/adapters/secondary/crypto/file_encryption.go:74.24,76.3 1 0
github.com/Anthony-Bible/password-exchange/app/internal/domains/message/adapters/secondary/crypto/file_encryption.go:77.2,77.45 1 1
github.com/Anthony-Bible/password-exchange/app/internal/domains/message/adapters/secondary/crypto/file_encryption.go:85.132,87.16 2 1
github.com/Anthony-Bible/password-exchange/app/internal/domains/message/adapters/secondary/crypto/file_encryption.go:87.16,89.3 1 1
github.com/Anthony-Bible/password-exchange/app/internal/domains/message/adapters/secondary/crypto/file_encryption.go:91.2,92.59 2 1
github.com/Anthony-Bible/password-exchange/app/internal/domains/message/adapters/secondary/crypto/file_encryption.go:92.59,94.3 1 0
github.com/Anthony-Bible/password-exchange/app/internal/domains/message/adapters/secondary/crypto/file_encryption.go:96.2,102.19 6 1
github.com/Anthony-Bible/password-exchange/app/internal/domains/message/adapters/secondary/crypto/file_encryption.go:109.132,111.95 2 1
github.com/Anthony-Bible/password-exchange/app/internal/domains/message/adapters/secondary/crypto/file_encryption.go:111.95,113.3 1 1
github.com/Anthony-Bible/password-exchange/app/internal/domains/message/adapters/secondary/crypto/file_encryption.go:114.2,114.31 1 1
github.com/Anthony-Bible/password-exchange/app/internal/domains/message/adapters/secondary/crypto/file_encryption.go:119.145,121.16 2 1
github.com/Anthony-Bible/password-exchange/app/internal/domains/message/adapters/secondary/crypto/file_encryption.go:121.16,123.3 1 0
github.com/Anthony-Bible/password-exchange/app/internal/domains/message/adapters/secondary/crypto/file_encryption.go:125.2,126.23 2 1
github.com/Anthony-Bible/password-exchange/app/internal/domains/message/adapters/secondary/crypto/file_encryption.go:126.23,128.3 1 1
github.com/Anthony-Bible/password-exchange/app/internal/domains/message/adapters/secondary/crypto/file_encryption.go:130.2,133.6 4 1
github.com/Anthony-Bible/password-exchange/app/internal/domains/message/adapters/secondary/crypto/file_encryption.go:133.6,134.35 1 1
github.com/Anthony-Bible/password-exchange/app/internal/domains/message/adapters/secondary/crypto/file_encryption.go:134.35,136.4 1 0
github.com/Anthony-Bible/password-exchange/app/internal/domains/message/adapters/secondary/crypto/file_encryption.go:138.3,140.17 3 1
github.com/Anthony-Bible/password-exchange/app/internal/domains/message/adapters/secondary/crypto/file_encryption.go:140.17,141.40 1 1
github.com/Anthony-Bible/password-exchange/app/internal/domains/message/adapters/secondary/crypto/file_encryption.go:141.40,142.10 1 1
github.com/Anthony-Bible/password-exchange/app/internal/domains/message/adapters/secondary/crypto/file_encryption.go:147.4,147.43 1 0
github.com/Anthony-Bible/password-exchange/app/internal/domains/message/adapters/secondary/crypto/file_encryption.go:147.43,149.5 1 0
github.com/Anthony-Bible/password-exchange/app/internal/domains/message/adapters/secondary/crypto/file_encryption.go:150.4,150.100 1 0
github.com/Anthony-Bible/password-exchange/app/internal/domains/message/adapters/secondary/crypto/file_encryption.go:153.3,155.76 3 1
github.com/Anthony-Bible/password-exchange/app/internal/domains/message/adapters/secondary/crypto/file_encryption.go:155.76,157.4 1 1
github.com/Anthony-Bible/password-exchange/app/internal/domains/message/adapters/secondary/crypto/file_encryption.go:159.3,160.36 2 1
github.com/Anthony-Bible/password-exchange/app/internal/domains/message/adapters/secondary/crypto/file_encryption.go:160.36,162.4 1 0
github.com/Anthony-Bible/password-exchange/app/internal/domains/message/adapters/secondary/crypto/file_encryption.go:164.3,165.58 2 1
github.com/Anthony-Bible/password-exchange/app/internal/domains/message/adapters/secondary/crypto/file_encryption.go:165.58,166.43 1 1
github.com/Anthony-Bible/password-exchange/app/internal/domains/message/adapters/secondary/crypto/file_encryption.go:166.43,168.5 1 0
github.com/Anthony-Bible/password-exchange/app/internal/domains/message/adapters/secondary/crypto/file_encryption.go:169.4,169.91 1 1
github.com/Anthony-Bible/password-exchange/app/internal/domains/message/adapters/secondary/crypto/file_encryption.go:171.3,171.45 1 1
github.com/Anthony-Bible/password-exchange/app/internal/domains/message/adapters/secondary/crypto/file_encryption.go:171.45,178.4 1 0
github.com/Anthony-Bible/password-exchange/app/internal/domains/message/adapters/secondary/crypto/file_encryption.go:180.3,183.17 4 1
github.com/Anthony-Bible/password-exchange/app/internal/domains/message/adapters/secondary/crypto/file_encryption.go:183.17,185.4 1 1
github.com/Anthony-Bible/password-exchange/app/internal/domains/message/adapters/secondary/crypto/file_encryption.go:186.3,187.17 2 1
github.com/Anthony-Bible/password-exchange/app/internal/domains/message/adapters/secondary/crypto/file_encryption.go:187.17,189.4 1 0
github.com/Anthony-Bible/password-exchange/app/internal/domains/message/adapters/secondary/crypto/file_encryption.go:190.3,190.26 1 1
github.com/Anthony-Bible/password-exchange/app/internal/domains/message/adapters/secondary/crypto/file_encryption.go:190.26,192.4 1 0
github.com/Anthony-Bible/password-exchange/app/internal/domains/message/adapters/secondary/crypto/file_encryption.go:195.2,195.36 1 1
github.com/Anthony-Bible/password-exchange/app/internal/domains/message/adapters/secondary/crypto/file_encryption.go:195.36,197.3 1 1
github.com/Anthony-Bible/password-exchange/app/internal/domains/message/adapters/secondary/crypto/file_encryption.go:198.2,198.12 1 1
github.com/Anthony-Bible/password-exchange/app/internal/domains/message/adapters/secondary/crypto/file_encryption.go:202.46,203.27 1 1
github.com/Anthony-Bible/password-exchange/app/internal/domains/message/adapters/secondary/crypto/file_encryption.go:203.27,205.3 1 1
github.com/Anthony-Bible/password-exchange/app/internal/domains/message/adapters/secondary/crypto/file_encryption.go:206.2,207.16 2 1
github.com/Anthony-Bible/password-exchange/app/internal/domains/message/adapters/secondary/crypto/file_encryption.go:207.16,209.3 1 0
github.com/Anthony-Bible/password-exchange/app/internal/domains/message/adapters/secondary/crypto/file_encryption.go:210.2,211.16 2 1
github.com/Anthony-Bible/password-exchange/app/internal/domains/message/adapters/secondary/crypto/file_encryption.go:211.16,213.3 1 0
github.com/Anthony-Bible/password-exchange/app/internal/domains/message/adapters/secondary/crypto/file_encryption.go:214.2,214.17 1 1
github.com/Anthony-Bible/password-exchange/app/internal/domains/message/adapters/secondary/crypto/file_encryption.go:219.49,221.39 2 0
github.com/Anthony-Bible/password-exchange/app/internal/domains/message/adapters/secondary/crypto/file_encryption.go:221.39,222.27 1 0
github.com/Anthony-Bible/password-exchange/app/internal/domains/message/adapters/secondary/crypto/file_encryption.go:222.27,224.4 1 0
github.com/Anthony-Bible/password-exchange/app/internal/domains/message/adapters/secondary/crypto/file_encryption.go:225.3,231.43 3 0
github.com/Anthony-Bible/password-exchange/app/internal/domains/message/adapters/secondary/crypto/file_encryption.go:231.43,233.4 1 0
github.com/Anthony-Bible/password-exchange/app/internal/domains/message/adapters/secondary/crypto/file_encryption.go:234.3,235.17 2 0
github.com/Anthony-Bible/password-exchange/app/internal/domains/message/adapters/secondary/crypto/file_encryption.go:237.2,237.20 1 0
github.com/Anthony-Bible/password-exchange/app/internal/domains/message/adapters/secondary/crypto/file_encryption.go:244.66,250.2 5 1
github.com/Anthony-Bible/password-exchange/app/internal/domains/message/adapters/secondary/grpc_clients/encryption_client.go:22.70,24.16 2 0
github.com/Anthony-Bible/password-exchange/app/internal/domains/message/adapters/secondary/grpc_clients/encryption_client.go:24.16,27.3 2 0
github.com/Anthony-Bible/password-exchange/app/internal/domains/message/adapters/secondary/grpc_clients/encryption_client.go:29.2,33.8 1 0
github.com/Anthony-Bible/password-exchange/app/internal/domains/message/adapters/secondary/grpc_clients/encryption_client.go:37.91,43.16 3 0
github.com/Anthony-Bible/password-exchange/app/internal/domains/message/adapters/secondary/grpc_clients/encryption_client.go:43.16,46.3 2 0
github.com/Anthony-Bible/password-exchange/app/internal/domains/message/adapters/secondary/grpc_clients/encryption_client.go:48.2,49.39 2 0
github.com/Anthony-Bible/password-exchange/app/internal/domains/message/adapters/secondary/grpc_clients/encryption_client.go:53.107,60.16 3 0
github.com/Anthony-Bible/password-exchange/app/internal/domains/message/adapters/secondary/grpc_clients/encryption_client.go:60.16,63.3 2 0
github.com/Anthony-Bible/password-exchange/app/internal/domains/message/adapters/secondary/grpc_clients/encryption_client.go:65.2,69.34 2 0
github.com/Anthony-Bible/password-exchange/app/internal/domains/message/adapters/secondary/grpc_clients/encryption_client.go:73.108,80.16 3 0
github.com/Anthony-Bible/password-exchange/app/internal/domains/message/adapters/secondary/grpc_clients/encryption_client.go:80.16,83.3 2 0
github.com/Anthony-Bible/password-exchange/app/internal/domains/message/adapters/secondary/grpc_clients/encryption_client.go:85.2,89.33 2 0
github.com/Anthony-Bible/password-exchange/app/internal/domains/message/adapters/secondary/grpc_clients/encryption_client.go:93.76,101.16 3 0
github.com/Anthony-Bible/password-exchange/app/internal/domains/message/adapters/secondary/grpc_clients/encryption_client.go:101.16,104.3 2 0
github.com/Anthony-Bible/password-exchange/app/internal/domains/message/adapters/secondary/grpc_clients/encryption_client.go:107.2,109.16 3 0
github.com/Anthony-Bible/password-exchange/app/internal/domains/message/adapters/secondary/grpc_clients/encryption_client.go:116.67,118.2 1 0
github.com/Anthony-Bible/password-exchange/app/internal/domains/message/adapters/secondary/grpc_clients/encryption_client.go:121.42,122.19 1 0
github.com/Anthony-Bible/password-exchange/app/internal/domains/message/adapters/secondary/grpc_clients/encryption_client.go:122.19,124.3 1 0
github.com/Anthony-Bible/password-exchange/app/internal/domains/message/adapters/secondary/grpc_clients/encryption_client.go:125.2,125.12 1 0
github.com/Anthony-Bible/password-exchange/app/internal/domains/message/adapters/secondary/grpc_clients/health.go:13.108,15.16 2 0
github.com/Anthony-Bible/password-exchange/app/internal/domains/message/adapters/secondary/grpc_clients/health.go:15.16,17.3 1 0
github.com/Anthony-Bible/password-exchange/app/internal/domains/message/adapters/secondary/grpc_clients/health.go:18.2,18.68 1 0
github.com/Anthony-Bible/password-exchange/app/internal/domains/message/adapters/secondary/grpc_clients/health.go:18.68,20.3 1 0
github.com/Anthony-Bible/password-exchange/app/internal/domains/message/adapters/secondary/grpc_clients/health.go:21.2,21.12 1 0
github.com/Anthony-Bible/password-exchange/app/internal/domains/message/adapters/secondary/grpc_clients/storage_client.go:23.64,25.16 2 0
github.com/Anthony-Bible/password-exchange/app/internal/domains/message/adapters/secondary/grpc_clients/storage_client.go:25.16,28.3 2 0
github.com/Anthony-Bible/password-exchange/app/internal/domains/message/adapters/secondary/grpc_clients/storage_client.go:30.2,34.8 1 0
github.com/Anthony-Bible/password-exchange/app/internal/domains/message/adapters/secondary/grpc_clients/storage_client.go:38.99,46.26 2 0
github.com/Anthony-Bible/password-exchange/app/internal/domains/message/adapters/secondary/grpc_clients/storage_client.go:46.26,48.3 1 0
github.com/Anthony-Bible/password-exchange/app/internal/domains/message/adapters/secondary/grpc_clients/storage_client.go:50.2,51.16 2 0
github.com/Anthony-Bible/password-exchange/app/internal/domains/message/adapters/secondary/grpc_clients/storage_client.go:51.16,54.3 2 0
github.com/Anthony-Bible/password-exchange/app/internal/domains/message/adapters/secondary/grpc_clients/storage_client.go:56.2,57.12 2 0
github.com/Anthony-Bible/password-exchange/app/internal/domains/message/adapters/secondary/grpc_clients/storage_client.go:61.42,62.13 1 0
github.com/Anthony-Bible/password-exchange/app/internal/domains/message/adapters/secondary/grpc_clients/storage_client.go:62.13,64.3 1 0
github.com/Anthony-Bible/password-exchange/app/internal/domains/message/adapters/secondary/grpc_clients/storage_client.go:65.2,66.16 2 0
github.com/Anthony-Bible/password-exchange/app/internal/domains/message/adapters/secondary/grpc_clients/storage_client.go:66.16,72.3 2 0
github.com/Anthony-Bible/password-exchange/app/internal/domains/message/adapters/secondary/grpc_clients/storage_client.go:73.2,73.11 1 0
github.com/Anthony-Bible/password-exchange/app/internal/domains/message/adapters/secondary/grpc_clients/storage_client.go:80.43,86.16 3 0
github.com/Anthony-Bible/password-exchange/app/internal/domains/message/adapters/secondary/grpc_clients/storage_client.go:86.16,89.3 2 0
github.com/Anthony-Bible/password-exchange/app/internal/domains/message/adapters/secondary/grpc_clients/storage_client.go:91.2,107.22 4 0
github.com/Anthony-Bible/password-exchange/app/internal/domains/message/adapters/secondary/grpc_clients/storage_client.go:114.43,120.16 3 0
github.com/Anthony-Bible/password-exchange/app/internal/domains/message/adapters/secondary/grpc_clients/storage_client.go:120.16,126.3 2 0
github.com/Anthony-Bible/password-exchange/app/internal/domains/message/adapters/secondary/grpc_clients/storage_client.go:128.2,144.22 4 0
github.com/Anthony-Bible/password-exchange/app/internal/domains/message/adapters/secondary/grpc_clients/storage_client.go:151.64,153.2 1 0
github.com/Anthony-Bible/password-exchange/app/internal/domains/message/adapters/secondary/grpc_clients/storage_client.go:159.73,161.2 1 0
github.com/Anthony-Bible/password-exchange/app/internal/domains/message/adapters/secondary/grpc_clients/storage_client.go:164.39,165.19 1 0
github.com/Anthony-Bible/password-exchange/app/internal/domains/message/adapters/secondary/grpc_clients/storage_client.go:165.19,167.3 1 0
github.com/Anthony-Bible/password-exchange/app/internal/domains/message/adapters/secondary/grpc_clients/storage_client.go:168.2,168.12 1 0
github.com/Anthony-Bible/password-exchange/app/internal/domains/message/adapters/secondary/grpc_clients/upload_state.go:29.89,31.2 1 1
github.com/Anthony-Bible/password-exchange/app/internal/domains/message/adapters/secondary/grpc_clients/upload_state.go:35.86,37.37 2 1
github.com/Anthony-Bible/password-exchange/app/internal/domains/message/adapters/secondary/grpc_clients/upload_state.go:37.37,42.3 1 0
github.com/Anthony-Bible/password-exchange/app/internal/domains/message/adapters/secondary/grpc_clients/upload_state.go:43.2,57.3 1 1
github.com/Anthony-Bible/password-exchange/app/internal/domains/message/adapters/secondary/grpc_clients/upload_state.go:62.96,63.14 1 1
github.com/Anthony-Bible/password-exchange/app/internal/domains/message/adapters/secondary/grpc_clients/upload_state.go:63.14,65.3 1 0
github.com/Anthony-Bible/password-exchange/app/internal/domains/message/adapters/secondary/grpc_clients/upload_state.go:67.2,68.16 2 1
github.com/Anthony-Bible/password-exchange/app/internal/domains/message/adapters/secondary/grpc_clients/upload_state.go:68.16,70.3 1 0
github.com/Anthony-Bible/password-exchange/app/internal/domains/message/adapters/secondary/grpc_clients/upload_state.go:71.2,72.16 2 1
github.com/Anthony-Bible/password-exchange/app/internal/domains/message/adapters/secondary/grpc_clients/upload_state.go:72.16,74.3 1 0
github.com/Anthony-Bible/password-exchange/app/internal/domains/message/adapters/secondary/grpc_clients/upload_state.go:76.2,77.43 2 1
github.com/Anthony-Bible/password-exchange/app/internal/domains/message/adapters/secondary/grpc_clients/upload_state.go:77.43,82.3 1 1
github.com/Anthony-Bible/password-exchange/app/internal/domains/message/adapters/secondary/grpc_clients/upload_state.go:84.2,98.8 1 1
github.com/Anthony-Bible/password-exchange/app/internal/domains/message/adapters/secondary/grpc_clients/upload_state.go:103.61,104.13 1 1
github.com/Anthony-Bible/password-exchange/app/internal/domains/message/adapters/secondary/grpc_clients/upload_state.go:104.13,106.3 1 0
github.com/Anthony-Bible/password-exchange/app/internal/domains/message/adapters/secondary/grpc_clients/upload_state.go:107.2,108.16 2 1
github.com/Anthony-Bible/password-exchange/app/internal/domains/message/adapters/secondary/grpc_clients/upload_state.go:108.16,110.3 1 0
github.com/Anthony-Bible/password-exchange/app/internal/domains/message/adapters/secondary/grpc_clients/upload_state.go:111.2,111.15 1 1
github.com/Anthony-Bible/password-exchange/app/internal/domains/message/adapters/secondary/grpc_clients/upload_state.go:116.45,117.16 1 1
github.com/Anthony-Bible/password-exchange/app/internal/domains/message/adapters/secondary/grpc_clients/upload_state.go:117.16,119.3 1 0
github.com/Anthony-Bible/password-exchange/app/internal/domains/message/adapters/secondary/grpc_clients/upload_state.go:120.2,121.9 2 1
github.com/Anthony-Bible/password-exchange/app/internal/domains/message/adapters/secondary/grpc_clients/upload_state.go:121.9,123.3 1 0
github.com/Anthony-Bible/password-exchange/app/internal/domains/message/adapters/secondary/grpc_clients/upload_state.go:124.2,124.19 1 1
github.com/Anthony-Bible/password-exchange/app/internal/domains/message/adapters/secondary/grpc_clients/upload_state.go:125.22,126.41 1 1
github.com/Anthony-Bible/password-exchange/app/internal/domains/message/adapters/secondary/grpc_clients/upload_state.go:127.27,128.46 1 1
github.com/Anthony-Bible/password-exchange/app/internal/domains/message/adapters/secondary/grpc_clients/upload_state.go:130.2,130.12 1 0
github.com/Anthony-Bible/password-exchange/app/internal/domains/message/adapters/secondary/grpc_clients/upload_state.go:134.112,138.16 2 1
github.com/Anthony-Bible/password-exchange/app/internal/domains/message/adapters/secondary/grpc_clients/upload_state.go:138.16,140.3 1 1
github.com/Anthony-Bible/password-exchange/app/internal/domains/message/adapters/secondary/grpc_clients/upload_state.go:141.2,141.12 1 1
github.com/Anthony-Bible/password-exchange/app/internal/domains/message/adapters/secondary/grpc_clients/upload_state.go:145.126,149.16 2 1
github.com/Anthony-Bible/password-exchange/app/internal/domains/message/adapters/secondary/grpc_clients/upload_state.go:149.16,151.3 1 1
github.com/Anthony-Bible/password-exchange/app/internal/domains/message/adapters/secondary/grpc_clients/upload_state.go:152.2,152.30 1 1
github.com/Anthony-Bible/password-exchange/app/internal/domains/message/adapters/secondary/grpc_clients/upload_state.go:152.30,154.3 1 0
github.com/Anthony-Bible/password-exchange/app/internal/domains/message/adapters/secondary/grpc_clients/upload_state.go:155.2,156.16 2 1
github.com/Anthony-Bible/password-exchange/app/internal/domains/message/adapters/secondary/grpc_clients/upload_state.go:156.16,158.3 1 0
github.com/Anthony-Bible/password-exchange/app/internal/domains/message/adapters/secondary/grpc_clients/upload_state.go:159.2,159.18 1 1
github.com/Anthony-Bible/password-exchange/app/internal/domains/message/adapters/secondary/grpc_clients/upload_state.go:163.127,167.16 2 1
github.com/Anthony-Bible/password-exchange/app/internal/domains/message/adapters/secondary/grpc_clients/upload_state.go:167.16,169.3 1 0
github.com/Anthony-Bible/password-exchange/app/internal/domains/message/adapters/secondary/grpc_clients/upload_state.go:170.2,170.30 1 1
github.com/Anthony-Bible/password-exchange/app/internal/domains/message/adapters/secondary/grpc_clients/upload_state.go:170.30,172.3 1 0
github.com/Anthony-Bible/password-exchange/app/internal/domains/message/adapters/secondary/grpc_clients/upload_state.go:173.2,174.16 2 1
github.com/Anthony-Bible/password-exchange/app/internal/domains/message/adapters/secondary/grpc_clients/upload_state.go:174.16,176.3 1 0
github.com/Anthony-Bible/password-exchange/app/internal/domains/message/adapters/secondary/grpc_clients/upload_state.go:177.2,177.18 1 1
github.com/Anthony-Bible/password-exchange/app/internal/domains/message/adapters/secondary/grpc_clients/upload_state.go:182.155,183.61 1 1
github.com/Anthony-Bible/password-exchange/app/internal/domains/message/adapters/secondary/grpc_clients/upload_state.go:183.61,185.3 1 0
github.com/Anthony-Bible/password-exchange/app/internal/domains/message/adapters/secondary/grpc_clients/upload_state.go:186.2,195.16 3 1
github.com/Anthony-Bible/password-exchange/app/internal/domains/message/adapters/secondary/grpc_clients/upload_state.go:195.16,197.3 1 0
github.com/Anthony-Bible/password-exchange/app/internal/domains/message/adapters/secondary/grpc_clients/upload_state.go:199.2,200.16 2 1
github.com/Anthony-Bible/password-exchange/app/internal/domains/message/adapters/secondary/grpc_clients/upload_state.go:200.16,202.3 1 0
github.com/Anthony-Bible/password-exchange/app/internal/domains/message/adapters/secondary/grpc_clients/upload_state.go:203.2,203.33 1 1
github.com/Anthony-Bible/password-exchange/app/internal/domains/message/adapters/secondary/grpc_clients/upload_state.go:208.95,212.16 2 1
github.com/Anthony-Bible/password-exchange/app/internal/domains/message/adapters/secondary/grpc_clients/upload_state.go:212.16,214.3 1 1
github.com/Anthony-Bible/password-exchange/app/internal/domains/message/adapters/secondary/grpc_clients/upload_state.go:215.2,215.12 1 1
github.com/Anthony-Bible/password-exchange/app/internal/domains/message/adapters/secondary/grpc_clients/upload_state.go:219.93,223.16 2 1
github.com/Anthony-Bible/password-exchange/app/internal/domains/message/adapters/secondary/grpc_clients/upload_state.go:223.16,225.3 1 0
github.com/Anthony-Bible/password-exchange/app/internal/domains/message/adapters/secondary/grpc_clients/upload_state.go:226.2,226.12 1 1
github.com/Anthony-Bible/password-exchange/app/internal/domains/message/adapters/secondary/grpc_clients/upload_state.go:231.132,235.16 2 1
github.com/Anthony-Bible/password-exchange/app/internal/domains/message/adapters/secondary/grpc_clients/upload_state.go:235.16,237.3 1 0
github.com/Anthony-Bible/password-exchange/app/internal/domains/message/adapters/secondary/grpc_clients/upload_state.go:239.2,240.46 2 1
github.com/Anthony-Bible/password-exchange/app/internal/domains/message/adapters/secondary/grpc_clients/upload_state.go:240.46,242.17 2 1
github.com/Anthony-Bible/password-exchange/app/internal/domains/message/adapters/secondary/grpc_clients/upload_state.go:242.17,244.4 1 0
github.com/Anthony-Bible/password-exchange/app/internal/domains/message/adapters/secondary/grpc_clients/upload_state.go:245.3,245.35 1 1
github.com/Anthony-Bible/password-exchange/app/internal/domains/message/adapters/secondary/grpc_clients/upload_state.go:247.2,247.21 1 1
github.com/Anthony-Bible/password-exchange/app/internal/domains/message/adapters/secondary/memory/upload_state.go:24.62,28.2 1 1
github.com/Anthony-Bible/password-exchange/app/internal/domains/message/adapters/secondary/memory/upload_state.go:31.112,36.2 4 1
github.com/Anthony-Bible/password-exchange/app/internal/domains/message/adapters/secondary/memory/upload_state.go:39.126,43.9 4 1
github.com/Anthony-Bible/password-exchange/app/internal/domains/message/adapters/secondary/memory/upload_state.go:43.9,45.3 1 1
github.com/Anthony-Bible/password-exchange/app/internal/domains/message/adapters/secondary/memory/upload_state.go:46.2,47.21 2 1
github.com/Anthony-Bible/password-exchange/app/internal/domains/message/adapters/secondary/memory/upload_state.go:51.127,55.9 4 1
github.com/Anthony-Bible/password-exchange/app/internal/domains/message/adapters/secondary/memory/upload_state.go:55.9,57.3 1 1
github.com/Anthony-Bible/password-exchange/app/internal/domains/message/adapters/secondary/memory/upload_state.go:58.2,59.21 2 1
github.com/Anthony-Bible/password-exchange/app/internal/domains/message/adapters/secondary/memory/upload_state.go:65.155,70.9 4 0
github.com/Anthony-Bible/password-exchange/app/internal/domains/message/adapters/secondary/memory/upload_state.go:70.9,72.3 1 0
github.com/Anthony-Bible/password-exchange/app/internal/domains/message/adapters/secondary/memory/upload_state.go:76.2,77.50 2 0
github.com/Anthony-Bible/password-exchange/app/internal/domains/message/adapters/secondary/memory/upload_state.go:77.50,78.45 1 0
github.com/Anthony-Bible/password-exchange/app/internal/domains/message/adapters/secondary/memory/upload_state.go:78.45,81.9 3 0
github.com/Anthony-Bible/password-exchange/app/internal/domains/message/adapters/secondary/memory/upload_state.go:84.2,84.15 1 0
github.com/Anthony-Bible/password-exchange/app/internal/domains/message/adapters/secondary/memory/upload_state.go:84.15,86.3 1 0
github.com/Anthony-Bible/password-exchange/app/internal/domains/message/adapters/secondary/memory/upload_state.go:87.2,88.79 2 0
github.com/Anthony-Bible/password-exchange/app/internal/domains/message/adapters/secondary/memory/upload_state.go:95.95,100.9 4 1
github.com/Anthony-Bible/password-exchange/app/internal/domains/message/adapters/secondary/memory/upload_state.go:100.9,102.3 1 0
github.com/Anthony-Bible/password-exchange/app/internal/domains/message/adapters/secondary/memory/upload_state.go:104.2,107.12 4 1
github.com/Anthony-Bible/password-exchange/app/internal/domains/message/adapters/secondary/memory/upload_state.go:111.93,116.9 4 1
github.com/Anthony-Bible/password-exchange/app/internal/domains/message/adapters/secondary/memory/upload_state.go:116.9,120.3 2 0
github.com/Anthony-Bible/password-exchange/app/internal/domains/message/adapters/secondary/memory/upload_state.go:122.2,123.26 2 1
github.com/Anthony-Bible/password-exchange/app/internal/domains/message/adapters/secondary/memory/upload_state.go:123.26,125.3 1 1
github.com/Anthony-Bible/password-exchange/app/internal/domains/message/adapters/secondary/memory/upload_state.go:126.2,126.12 1 1
github.com/Anthony-Bible/password-exchange/app/internal/domains/message/adapters/secondary/memory/upload_state.go:133.132,141.37 5 1
github.com/Anthony-Bible/password-exchange/app/internal/domains/message/adapters/secondary/memory/upload_state.go:141.37,142.30 1 1
github.com/Anthony-Bible/password-exchange/app/internal/domains/message/adapters/secondary/memory/upload_state.go:142.30,143.12 1 1
github.com/Anthony-Bible/password-exchange/app/internal/domains/message/adapters/secondary/memory/upload_state.go:145.3,147.61 2 1
github.com/Anthony-Bible/password-exchange/app/internal/domains/message/adapters/secondary/memory/upload_state.go:147.61,148.12 1 1
github.com/Anthony-Bible/password-exchange/app/internal/domains/message/adapters/secondary/memory/upload_state.go:150.3,150.38 1 1
github.com/Anthony-Bible/password-exchange/app/internal/domains/message/adapters/secondary/memory/upload_state.go:150.38,151.12 1 1
github.com/Anthony-Bible/password-exchange/app/internal/domains/message/adapters/secondary/memory/upload_state.go:154.3,155.27 2 1
github.com/Anthony-Bible/password-exchange/app/internal/domains/message/adapters/secondary/memory/upload_state.go:155.27,157.4 1 1
github.com/Anthony-Bible/password-exchange/app/internal/domains/message/adapters/secondary/memory/upload_state.go:158.3,158.51 1 1
github.com/Anthony-Bible/password-exchange/app/internal/domains/message/adapters/secondary/memory/upload_state.go:161.2,161.21 1 1
github.com/Anthony-Bible/password-exchange/app/internal/domains/message/adapters/secondary/memory/upload_state.go:166.92,169.26 3 1
github.com/Anthony-Bible/password-exchange/app/internal/domains/message/adapters/secondary/memory/upload_state.go:169.26,171.3 1 1
github.com/Anthony-Bible/password-exchange/app/internal/domains/message/adapters/secondary/memory/upload_state.go:174.84,178.2 3 1
github.com/Anthony-Bible/password-exchange/app/internal/domains/message/domain/file_service.go:34.16,42.2 1 1
github.com/Anthony-Bible/password-exchange/app/internal/domains/message/domain/file_service.go:45.119,46.46 1 1
github.com/Anthony-Bible/password-exchange/app/internal/domains/message/domain/file_service.go:46.46,48.3 1 0
github.com/Anthony-Bible/password-exchange/app/internal/domains/message/domain/file_service.go:49.2,49.35 1 1
github.com/Anthony-Bible/password-exchange/app/internal/domains/message/domain/file_service.go:49.35,51.3 1 1
github.com/Anthony-Bible/password-exchange/app/internal/domains/message/domain/file_service.go:53.2,54.16 2 1
github.com/Anthony-Bible/password-exchange/app/internal/domains/message/domain/file_service.go:54.16,56.3 1 0
github.com/Anthony-Bible/password-exchange/app/internal/domains/message/domain/file_service.go:58.2,59.16 2 1
github.com/Anthony-Bible/password-exchange/app/internal/domains/message/domain/file_service.go:59.16,61.3 1 0
github.com/Anthony-Bible/password-exchange/app/internal/domains/message/domain/file_service.go:63.2,64.16 2 1
github.com/Anthony-Bible/password-exchange/app/internal/domains/message/domain/file_service.go:64.16,66.3 1 0
github.com/Anthony-Bible/password-exchange/app/internal/domains/message/domain/file_service.go:68.2,69.16 2 1
github.com/Anthony-Bible/password-exchange/app/internal/domains/message/domain/file_service.go:69.16,71.3 1 0
github.com/Anthony-Bible/password-exchange/app/internal/domains/message/domain/file_service.go:73.2,90.66 4 1
github.com/Anthony-Bible/password-exchange/app/internal/domains/message/domain/file_service.go:90.66,98.3 4 0
github.com/Anthony-Bible/password-exchange/app/internal/domains/message/domain/file_service.go:100.2,100.105 1 1
github.com/Anthony-Bible/password-exchange/app/internal/domains/message/domain/file_service.go:104.110,105.50 1 1
github.com/Anthony-Bible/password-exchange/app/internal/domains/message/domain/file_service.go:105.50,107.3 1 0
github.com/Anthony-Bible/password-exchange/app/internal/domains/message/domain/file_service.go:109.2,110.16 2 1
github.com/Anthony-Bible/password-exchange/app/internal/domains/message/domain/file_service.go:110.16,111.47 1 1
github.com/Anthony-Bible/password-exchange/app/internal/domains/message/domain/file_service.go:111.47,113.4 1 1
github.com/Anthony-Bible/password-exchange/app/internal/domains/message/domain/file_service.go:114.3,114.58 1 0
github.com/Anthony-Bible/password-exchange/app/internal/domains/message/domain/file_service.go:116.2,116.52 1 1
github.com/Anthony-Bible/password-exchange/app/internal/domains/message/domain/file_service.go:116.52,118.3 1 0
github.com/Anthony-Bible/password-exchange/app/internal/domains/message/domain/file_service.go:119.2,119.53 1 1
github.com/Anthony-Bible/password-exchange/app/internal/domains/message/domain/file_service.go:119.53,121.3 1 0
github.com/Anthony-Bible/password-exchange/app/internal/domains/message/domain/file_service.go:122.2,122.51 1 1
github.com/Anthony-Bible/password-exchange/app/internal/domains/message/domain/file_service.go:122.51,124.3 1 0
github.com/Anthony-Bible/password-exchange/app/internal/domains/message/domain/file_service.go:125.2,125.41 1 1
github.com/Anthony-Bible/password-exchange/app/internal/domains/message/domain/file_service.go:125.41,127.3 1 1
github.com/Anthony-Bible/password-exchange/app/internal/domains/message/domain/file_service.go:128.2,128.71 1 1
github.com/Anthony-Bible/password-exchange/app/internal/domains/message/domain/file_service.go:128.71,130.3 1 0
[...]
github.com/Anthony-Bible/password-exchange/app/internal/domains/notification/domain/reminder_service.go:353.28,355.4 1 0
github.com/Anthony-Bible/password-exchange/app/internal/domains/notification/domain/reminder_service.go:357.3,365.10 2 1
github.com/Anthony-Bible/password-exchange/app/internal/domains/notification/domain/reminder_service.go:366.21,367.20 1 1
github.com/Anthony-Bible/password-exchange/app/internal/domains/notification/domain/reminder_service.go:368.28,368.28 0 1
github.com/Anthony-Bible/password-exchange/app/internal/domains/notification/domain/reminder_service.go:372.2,378.117 2 1
github.com/Anthony-Bible/password-exchange/app/internal/domains/notification/domain/reminder_service.go:382.87,383.112 1 1
github.com/Anthony-Bible/password-exchange/app/internal/domains/notification/domain/reminder_service.go:383.112,385.3 1 1
github.com/Anthony-Bible/password-exchange/app/internal/domains/notification/domain/reminder_service.go:387.2,387.100 1 1
github.com/Anthony-Bible/password-exchange/app/internal/domains/notification/domain/reminder_service.go:387.100,389.3 1 1
github.com/Anthony-Bible/password-exchange/app/internal/domains/notification/domain/reminder_service.go:391.2,391.100 1 1
github.com/Anthony-Bible/password-exchange/app/internal/domains/notification/domain/reminder_service.go:391.100,393.3 1 1
github.com/Anthony-Bible/password-exchange/app/internal/domains/notification/domain/reminder_service.go:395.2,395.12 1 1
github.com/Anthony-Bible/password-exchange/app/internal/domains/notification/domain/reminder_service.go:399.58,400.30 1 1
github.com/Anthony-Bible/password-exchange/app/internal/domains/notification/domain/reminder_service.go:401.28,402.13 1 1
github.com/Anthony-Bible/password-exchange/app/internal/domains/notification/domain/reminder_service.go:403.26,404.73 1 1
github.com/Anthony-Bible/password-exchange/app/internal/domains/notification/domain/reminder_service.go:404.73,408.36 2 1
github.com/Anthony-Bible/password-exchange/app/internal/domains/notification/domain/reminder_service.go:408.36,414.5 1 1
github.com/Anthony-Bible/password-exchange/app/internal/domains/notification/domain/reminder_service.go:415.4,415.14 1 1
github.com/Anthony-Bible/password-exchange/app/internal/domains/notification/domain/reminder_service.go:417.3,417.31 1 1
github.com/Anthony-Bible/password-exchange/app/internal/domains/notification/domain/reminder_service.go:418.30,419.13 1 1
github.com/Anthony-Bible/password-exchange/app/internal/domains/notification/domain/reminder_service.go:420.10,421.13 1 0
github.com/Anthony-Bible/password-exchange/app/internal/domains/notification/domain/reminder_service.go:426.55,432.72 4 1
github.com/Anthony-Bible/password-exchange/app/internal/domains/notification/domain/reminder_service.go:432.72,437.3 1 1
github.com/Anthony-Bible/password-exchange/app/internal/domains/notification/domain/reminder_service.go:441.55,445.60 3 1
github.com/Anthony-Bible/password-exchange/app/internal/domains/notification/domain/reminder_service.go:445.60,449.35 2 1
github.com/Anthony-Bible/password-exchange/app/internal/domains/notification/domain/reminder_service.go:449.35,455.4 1 1
github.com/Anthony-Bible/password-exchange/app/internal/domains/notification/domain/service.go:32.24,43.2 2 1
github.com/Anthony-Bible/password-exchange/app/internal/domains/notification/domain/service.go:54.24,64.2 1 0
github.com/Anthony-Bible/password-exchange/app/internal/domains/notification/domain/service.go:70.34,71.59 1 1
github.com/Anthony-Bible/password-exchange/app/internal/domains/notification/domain/service.go:71.59,74.3 2 1
github.com/Anthony-Bible/password-exchange/app/internal/domains/notification/domain/service.go:76.2,77.16 2 1
github.com/Anthony-Bible/password-exchange/app/internal/domains/notification/domain/service.go:77.16,83.3 2 1
github.com/Anthony-Bible/password-exchange/app/internal/domains/notification/domain/service.go:85.2,89.22 2 1
github.com/Anthony-Bible/password-exchange/app/internal/domains/notification/domain/service.go:97.9,101.16 3 0
github.com/Anthony-Bible/password-exchange/app/internal/domains/notification/domain/service.go:101.16,104.3 2 0
github.com/Anthony-Bible/password-exchange/app/internal/domains/notification/domain/service.go:106.2,106.12 1 0
github.com/Anthony-Bible/password-exchange/app/internal/domains/notification/domain/service.go:110.90,121.16 4 1
github.com/Anthony-Bible/password-exchange/app/internal/domains/notification/domain/service.go:121.16,127.3 2 1
github.com/Anthony-Bible/password-exchange/app/internal/domains/notification/domain/service.go:129.2,132.12 2 1
github.com/Anthony-Bible/password-exchange/app/internal/domains/notification/domain/service.go:136.95,150.2 2 1
github.com/Anthony-Bible/password-exchange/app/internal/domains/notification/domain/service.go:153.90,154.37 1 1
github.com/Anthony-Bible/password-exchange/app/internal/domains/notification/domain/service.go:154.37,156.3 1 1
github.com/Anthony-Bible/password-exchange/app/internal/domains/notification/domain/service.go:158.2,158.39 1 1
github.com/Anthony-Bible/password-exchange/app/internal/domains/notification/domain/service.go:158.39,160.3 1 1
github.com/Anthony-Bible/password-exchange/app/internal/domains/notification/domain/service.go:162.2,162.42 1 1
github.com/Anthony-Bible/password-exchange/app/internal/domains/notification/domain/service.go:162.42,164.3 1 1
github.com/Anthony-Bible/password-exchange/app/internal/domains/notification/domain/service.go:167.2,167.59 1 1
github.com/Anthony-Bible/password-exchange/app/internal/domains/notification/domain/service.go:167.59,169.3 1 1
github.com/Anthony-Bible/password-exchange/app/internal/domains/notification/domain/service.go:170.2,170.61 1 1
github.com/Anthony-Bible/password-exchange/app/internal/domains/notification/domain/service.go:170.61,172.3 1 1
github.com/Anthony-Bible/password-exchange/app/internal/domains/notification/domain/service.go:174.2,174.12 1 1
github.com/Anthony-Bible/password-exchange/app/internal/domains/notification/domain/service.go:178.98,180.2 1 0
github.com/Anthony-Bible/password-exchange/app/internal/domains/notification/domain/service.go:183.102,185.2 1 0
github.com/Anthony-Bible/password-exchange/app/internal/domains/notification/domain/service.go:188.45,190.2 1 0
github.com/Anthony-Bible/password-exchange/app/internal/domains/message/adapters/primary/api/file_handlers.go:34.69,36.2 1 1
github.com/Anthony-Bible/password-exchange/app/internal/domains/message/adapters/primary/api/file_handlers.go:47.57,49.47 2 1
github.com/Anthony-Bible/password-exchange/app/internal/domains/message/adapters/primary/api/file_handlers.go:49.47,52.3 2 0
github.com/Anthony-Bible/password-exchange/app/internal/domains/message/adapters/primary/api/file_handlers.go:54.2,54.91 1 1
github.com/Anthony-Bible/password-exchange/app/internal/domains/message/adapters/primary/api/file_handlers.go:54.91,62.3 2 1
github.com/Anthony-Bible/password-exchange/app/internal/domains/message/adapters/primary/api/file_handlers.go:64.2,71.16 2 1
github.com/Anthony-Bible/password-exchange/app/internal/domains/message/adapters/primary/api/file_handlers.go:71.16,74.3 2 1
github.com/Anthony-Bible/password-exchange/app/internal/domains/message/adapters/primary/api/file_handlers.go:76.2,77.121 2 1
github.com/Anthony-Bible/password-exchange/app/internal/domains/message/adapters/primary/api/file_handlers.go:81.54,87.86 5 1
github.com/Anthony-Bible/password-exchange/app/internal/domains/message/adapters/primary/api/file_handlers.go:87.86,94.3 2 1
github.com/Anthony-Bible/password-exchange/app/internal/domains/message/adapters/primary/api/file_handlers.go:96.2,97.16 2 1
github.com/Anthony-Bible/password-exchange/app/internal/domains/message/adapters/primary/api/file_handlers.go:97.16,100.3 2 0
github.com/Anthony-Bible/password-exchange/app/internal/domains/message/adapters/primary/api/file_handlers.go:101.2,101.15 1 1
github.com/Anthony-Bible/password-exchange/app/internal/domains/message/adapters/primary/api/file_handlers.go:101.15,103.3 1 1
github.com/Anthony-Bible/password-exchange/app/internal/domains/message/adapters/primary/api/file_handlers.go:105.2,106.16 2 1
github.com/Anthony-Bible/password-exchange/app/internal/domains/message/adapters/primary/api/file_handlers.go:106.16,109.3 2 0
github.com/Anthony-Bible/password-exchange/app/internal/domains/message/adapters/primary/api/file_handlers.go:111.2,118.16 2 1
github.com/Anthony-Bible/password-exchange/app/internal/domains/message/adapters/primary/api/file_handlers.go:118.16,121.3 2 1
github.com/Anthony-Bible/password-exchange/app/internal/domains/message/adapters/primary/api/file_handlers.go:123.2,123.115 1 1
github.com/Anthony-Bible/password-exchange/app/internal/domains/message/adapters/primary/api/file_handlers.go:138.55,140.22 2 1
github.com/Anthony-Bible/password-exchange/app/internal/domains/message/adapters/primary/api/file_handlers.go:140.22,143.3 2 1
github.com/Anthony-Bible/password-exchange/app/internal/domains/message/adapters/primary/api/file_handlers.go:145.2,146.16 2 1
github.com/Anthony-Bible/password-exchange/app/internal/domains/message/adapters/primary/api/file_handlers.go:146.16,149.3 2 0
github.com/Anthony-Bible/password-exchange/app/internal/domains/message/adapters/primary/api/file_handlers.go:151.2,152.16 2 1
github.com/Anthony-Bible/password-exchange/app/internal/domains/message/adapters/primary/api/file_handlers.go:152.16,155.3 2 1
github.com/Anthony-Bible/password-exchange/app/internal/domains/message/adapters/primary/api/file_handlers.go:156.2,156.15 1 1
github.com/Anthony-Bible/password-exchange/app/internal/domains/message/adapters/primary/api/file_handlers.go:156.15,157.46 1 1
github.com/Anthony-Bible/password-exchange/app/internal/domains/message/adapters/primary/api/file_handlers.go:157.46,159.4 1 1
github.com/Anthony-Bible/password-exchange/app/internal/domains/message/adapters/primary/api/file_handlers.go:162.2,166.60 5 1
github.com/Anthony-Bible/password-exchange/app/internal/domains/message/adapters/primary/api/file_handlers.go:166.60,168.30 2 1
github.com/Anthony-Bible/password-exchange/app/internal/domains/message/adapters/primary/api/file_handlers.go:172.55,175.43 3 1
github.com/Anthony-Bible/password-exchange/app/internal/domains/message/adapters/primary/api/file_handlers.go:175.43,176.50 1 1
github.com/Anthony-Bible/password-exchange/app/internal/domains/message/adapters/primary/api/file_handlers.go:176.50,178.4 1 0
github.com/Anthony-Bible/password-exchange/app/internal/domains/message/adapters/primary/api/file_handlers.go:179.3,179.11 1 1
github.com/Anthony-Bible/password-exchange/app/internal/domains/message/adapters/primary/api/file_handlers.go:181.2,182.59 2 1
github.com/Anthony-Bible/password-exchange/app/internal/domains/message/adapters/primary/api/file_handlers.go:182.59,184.3 1 0
github.com/Anthony-Bible/password-exchange/app/internal/domains/message/adapters/primary/api/file_handlers.go:185.2,185.17 1 1
github.com/Anthony-Bible/password-exchange/app/internal/domains/message/adapters/primary/api/file_handlers.go:188.91,190.2 1 1
github.com/Anthony-Bible/password-exchange/app/internal/domains/message/adapters/primary/api/file_handlers.go:192.79,197.9 4 1
github.com/Anthony-Bible/password-exchange/app/internal/domains/message/adapters/primary/api/file_handlers.go:198.188,201.24 3 1
github.com/Anthony-Bible/password-exchange/app/internal/domains/message/adapters/primary/api/file_handlers.go:202.55,205.24 3 1
github.com/Anthony-Bible/password-exchange/app/internal/domains/message/adapters/primary/api/file_handlers.go:206.54,209.24 3 1
github.com/Anthony-Bible/password-exchange/app/internal/domains/message/adapters/primary/api/file_handlers.go:212.2,212.46 1 1
github.com/Anthony-Bible/password-exchange/app/internal/domains/message/adapters/primary/api/file_handlers.go:212.46,219.3 2 1
github.com/Anthony-Bible/password-exchange/app/internal/domains/message/adapters/primary/api/file_handlers.go:221.2,221.61 1 1
github.com/Anthony-Bible/password-exchange/app/internal/domains/message/adapters/primary/api/handlers.go:43.22,49.2 1 1
github.com/Anthony-Bible/password-exchange/app/internal/domains/message/adapters/primary/api/handlers.go:63.59,73.47 5 1
github.com/Anthony-Bible/password-exchange/app/internal/domains/message/adapters/primary/api/handlers.go:73.47,84.3 2 0
github.com/Anthony-Bible/password-exchange/app/internal/domains/message/adapters/primary/api/handlers.go:87.2,87.93 1 1
github.com/Anthony-Bible/password-exchange/app/internal/domains/message/adapters/primary/api/handlers.go:87.93,96.3 2 1
github.com/Anthony-Bible/password-exchange/app/internal/domains/message/adapters/primary/api/handlers.go:99.2,110.23 2 1
github.com/Anthony-Bible/password-exchange/app/internal/domains/message/adapters/primary/api/handlers.go:110.23,113.3 2 1
github.com/Anthony-Bible/password-exchange/app/internal/domains/message/adapters/primary/api/handlers.go:115.2,115.26 1 1
github.com/Anthony-Bible/password-exchange/app/internal/domains/message/adapters/primary/api/handlers.go:115.26,118.3 2 1
github.com/Anthony-Bible/password-exchange/app/internal/domains/message/adapters/primary/api/handlers.go:121.2,126.16 4 1
github.com/Anthony-Bible/password-exchange/app/internal/domains/message/adapters/primary/api/handlers.go:126.16,140.3 3 0
github.com/Anthony-Bible/password-exchange/app/internal/domains/message/adapters/primary/api/handlers.go:143.2,157.41 3 1
github.com/Anthony-Bible/password-exchange/app/internal/domains/message/adapters/primary/api/handlers.go:172.60,184.16 6 1
github.com/Anthony-Bible/password-exchange/app/internal/domains/message/adapters/primary/api/handlers.go:184.16,199.3 3 0
github.com/Anthony-Bible/password-exchange/app/internal/domains/message/adapters/primary/api/handlers.go:201.2,201.24 1 1
github.com/Anthony-Bible/password-exchange/app/internal/domains/message/adapters/primary/api/handlers.go:201.24,210.3 2 1
github.com/Anthony-Bible/password-exchange/app/internal/domains/message/adapters/primary/api/handlers.go:213.2,221.33 2 1
github.com/Anthony-Bible/password-exchange/app/internal/domains/message/adapters/primary/api/handlers.go:238.60,250.47 6 1
github.com/Anthony-Bible/password-exchange/app/internal/domains/message/adapters/primary/api/handlers.go:250.47,261.3 2 0
github.com/Anthony-Bible/password-exchange/app/internal/domains/message/adapters/primary/api/handlers.go:264.2,265.16 2 1
github.com/Anthony-Bible/password-exchange/app/internal/domains/message/adapters/primary/api/handlers.go:265.16,274.3 2 0
github.com/Anthony-Bible/password-exchange/app/internal/domains/message/adapters/primary/api/handlers.go:277.2,285.16 3 1
github.com/Anthony-Bible/password-exchange/app/internal/domains/message/adapters/primary/api/handlers.go:285.16,293.41 2 0
github.com/Anthony-Bible/password-exchange/app/internal/domains/message/adapters/primary/api/handlers.go:293.41,302.4 2 0
github.com/Anthony-Bible/password-exchange/app/internal/domains/message/adapters/primary/api/handlers.go:305.3,312.9 2 0
github.com/Anthony-Bible/password-exchange/app/internal/domains/message/adapters/primary/api/handlers.go:316.2,330.36 3 1
github.com/Anthony-Bible/password-exchange/app/internal/domains/message/adapters/primary/api/handlers.go:341.57,366.31 7 1
github.com/Anthony-Bible/password-exchange/app/internal/domains/message/adapters/primary/api/handlers.go:366.31,368.56 2 1
github.com/Anthony-Bible/password-exchange/app/internal/domains/message/adapters/primary/api/handlers.go:368.56,371.34 3 1
github.com/Anthony-Bible/password-exchange/app/internal/domains/message/adapters/primary/api/handlers.go:371.34,374.5 2 1
github.com/Anthony-Bible/password-exchange/app/internal/domains/message/adapters/primary/api/handlers.go:375.4,377.15 3 1
github.com/Anthony-Bible/password-exchange/app/internal/domains/message/adapters/primary/api/handlers.go:380.2,383.34 3 1
github.com/Anthony-Bible/password-exchange/app/internal/domains/message/adapters/primary/api/handlers.go:383.34,384.28 1 1
github.com/Anthony-Bible/password-exchange/app/internal/domains/message/adapters/primary/api/handlers.go:384.28,386.4 1 1
github.com/Anthony-Bible/password-exchange/app/internal/domains/message/adapters/primary/api/handlers.go:389.2,390.9 2 1
github.com/Anthony-Bible/password-exchange/app/internal/domains/message/adapters/primary/api/handlers.go:391.31,392.24 1 1
github.com/Anthony-Bible/password-exchange/app/internal/domains/message/adapters/primary/api/handlers.go:393.18,394.23 1 1
github.com/Anthony-Bible/password-exchange/app/internal/domains/message/adapters/primary/api/handlers.go:397.2,404.33 2 1
github.com/Anthony-Bible/password-exchange/app/internal/domains/message/adapters/primary/api/handlers.go:410.51,412.2 1 1
github.com/Anthony-Bible/password-exchange/app/internal/domains/message/adapters/primary/api/handlers.go:418.52,436.31 5 1
github.com/Anthony-Bible/password-exchange/app/internal/domains/message/adapters/primary/api/handlers.go:436.31,438.56 2 1
github.com/Anthony-Bible/password-exchange/app/internal/domains/message/adapters/primary/api/handlers.go:438.56,440.34 2 1
github.com/Anthony-Bible/password-exchange/app/internal/domains/message/adapters/primary/api/handlers.go:440.34,445.5 4 1
github.com/Anthony-Bible/password-exchange/app/internal/domains/message/adapters/primary/api/handlers.go:448.2,450.21 2 1
github.com/Anthony-Bible/password-exchange/app/internal/domains/message/adapters/primary/api/handlers.go:450.21,456.3 2 1
github.com/Anthony-Bible/password-exchange/app/internal/domains/message/adapters/primary/api/handlers.go:457.2,457.46 1 1
github.com/Anthony-Bible/password-exchange/app/internal/domains/message/adapters/primary/api/handlers.go:468.53,494.2 4 1
github.com/Anthony-Bible/password-exchange/app/internal/domains/message/adapters/primary/api/server.go:36.11,38.2 1 1
github.com/Anthony-Bible/password-exchange/app/internal/domains/message/adapters/primary/api/server.go:47.11,49.2 1 1
github.com/Anthony-Bible/password-exchange/app/internal/domains/message/adapters/primary/api/server.go:56.11,70.2 5 1
github.com/Anthony-Bible/password-exchange/app/internal/domains/message/adapters/primary/api/server.go:73.42,75.2 1 1
github.com/Anthony-Bible/password-exchange/app/internal/domains/message/adapters/primary/api/server.go:83.15,89.96 2 1
github.com/Anthony-Bible/password-exchange/app/internal/domains/message/adapters/primary/api/server.go:89.96,90.34 1 0
github.com/Anthony-Bible/password-exchange/app/internal/domains/message/adapters/primary/api/server.go:90.34,91.14 1 0
github.com/Anthony-Bible/password-exchange/app/internal/domains/message/adapters/primary/api/server.go:93.3,94.52 2 0
github.com/Anthony-Bible/password-exchange/app/internal/domains/message/adapters/primary/api/server.go:99.2,108.34 8 1
github.com/Anthony-Bible/password-exchange/app/internal/domains/message/adapters/primary/api/server.go:108.34,116.36 4 1
github.com/Anthony-Bible/password-exchange/app/internal/domains/message/adapters/primary/api/server.go:116.36,119.4 2 0
github.com/Anthony-Bible/password-exchange/app/internal/domains/message/adapters/primary/api/server.go:121.3,121.11 1 1
github.com/Anthony-Bible/password-exchange/app/internal/domains/message/adapters/primary/api/server.go:130.2,135.2 4 1
github.com/Anthony-Bible/password-exchange/app/internal/domains/message/adapters/primary/api/server.go:135.2,138.3 2 1
github.com/Anthony-Bible/password-exchange/app/internal/domains/message/adapters/primary/api/server.go:138.3,142.4 3 1
github.com/Anthony-Bible/password-exchange/app/internal/domains/message/adapters/primary/api/server.go:144.3,144.25 1 1
github.com/Anthony-Bible/password-exchange/app/internal/domains/message/adapters/primary/api/server.go:144.25,149.4 4 1
github.com/Anthony-Bible/password-exchange/app/internal/domains/message/adapters/primary/api/server.go:152.3,156.104 3 1
github.com/Anthony-Bible/password-exchange/app/internal/domains/message/adapters/primary/api/server.go:160.2,162.15 2 1
